#
# A fatal error has been detected by the Java Runtime Environment:
#
#  Internal Error (constantTag.cpp:59), pid=92853, tid=0x0000000000003303
#  Error: ShouldNotReachHere()
#
# JRE version: Java(TM) SE Runtime Environment (8.0_181-b13) (build 1.8.0_181-b13)
# Java VM: Java HotSpot(TM) 64-Bit Server VM (25.181-b13 mixed mode bsd-amd64 compressed oops)
# Failed to write core dump. Core dumps have been disabled. To enable core dumping, try "ulimit -c unlimited" before starting Java again
#
# If you would like to submit a bug report, please visit:
#   http://bugreport.java.com/bugreport/crash.jsp
#

---------------  T H R E A D  ---------------

Current thread (0x00007fb026049000):  VMThread [stack: 0x00007000109f9000,0x0000700010af9000] [id=13059]

Stack: [0x00007000109f9000,0x0000700010af9000],  sp=0x0000700010af8260,  free space=1020k
Native frames: (J=compiled Java code, j=interpreted, Vv=VM code, C=native code)
V  [libjvm.dylib+0x5b581a]
V  [libjvm.dylib+0x1e9185]
V  [libjvm.dylib+0x1e76ff]
V  [libjvm.dylib+0xdcfbb]
V  [libjvm.dylib+0x288f14]
V  [libjvm.dylib+0x28a7ec]
V  [libjvm.dylib+0x28aa3b]
V  [libjvm.dylib+0x28afd2]
V  [libjvm.dylib+0x28b3eb]
V  [libjvm.dylib+0x485331]
V  [libjvm.dylib+0x48553a]
V  [libjvm.dylib+0x48571b]
V  [libjvm.dylib+0x4859d2]
V  [libjvm.dylib+0x2c2b04]
V  [libjvm.dylib+0x45306d]
V  [libjvm.dylib+0x39afbf]
V  [libjvm.dylib+0x5bd499]
V  [libjvm.dylib+0x5bba31]
V  [libjvm.dylib+0x5bbe7e]
V  [libjvm.dylib+0x5bb79d]
V  [libjvm.dylib+0x48e342]
C  [libsystem_pthread.dylib+0x64e1]  _pthread_start+0x7d
C  [libsystem_pthread.dylib+0x1f6b]  thread_start+0xf

VM_Operation (0x000070001100aa18): GetOrSetLocal, mode: safepoint, requested by thread 0x00007fb026060800


---------------  P R O C E S S  ---------------

Java Threads: ( => current thread )
  0x00007fb01747b000 JavaThread "Okio Watchdog" daemon [_thread_blocked, id=37123, stack(0x0000700012984000,0x0000700012a84000)]
  0x00007fb02a09e000 JavaThread "OkHttp ConnectionPool" daemon [_thread_blocked, id=27139, stack(0x0000700012881000,0x0000700012981000)]
  0x00007fb0298b0800 JavaThread "ForkJoinPool.commonPool-worker-15" daemon [_thread_blocked, id=38403, stack(0x0000700012372000,0x0000700012472000)]
  0x00007fb015609000 JavaThread "Exec Stream Pumper" daemon [_thread_in_native, id=23299, stack(0x0000700011c5d000,0x0000700011d5d000)]
  0x00007fb01308f800 JavaThread "Exec Stream Pumper" daemon [_thread_in_native, id=40451, stack(0x0000700011b5a000,0x0000700011c5a000)]
  0x00007fb014bcd800 JavaThread "Exec Default Executor" [_thread_blocked, id=14599, stack(0x0000700011929000,0x0000700011a29000)]
  0x00007fb0132af800 JavaThread "process reaper" daemon [_thread_in_native, id=41739, stack(0x0000700010d85000,0x0000700010dad000)]
  0x00007fb024f58000 JavaThread "Thread-1" [_thread_in_native, id=40963, stack(0x0000700011a57000,0x0000700011b57000)]
  0x00007fb025e08800 JavaThread "process reaper" daemon [_thread_in_native, id=22787, stack(0x0000700011a2c000,0x0000700011a54000)]
  0x00007fb024b10800 JavaThread "ReaderThread" [_thread_in_native, id=22531, stack(0x0000700011826000,0x0000700011926000)]
  0x00007fb025849000 JavaThread "Service Thread" daemon [_thread_blocked, id=42755, stack(0x0000700011620000,0x0000700011720000)]
  0x00007fb029808800 JavaThread "C1 CompilerThread3" daemon [_thread_blocked, id=43267, stack(0x000070001151d000,0x000070001161d000)]
  0x00007fb025809800 JavaThread "C2 CompilerThread2" daemon [_thread_blocked, id=21763, stack(0x000070001141a000,0x000070001151a000)]
  0x00007fb025808800 JavaThread "C2 CompilerThread1" daemon [_thread_blocked, id=16131, stack(0x0000700011317000,0x0000700011417000)]
  0x00007fb02394d800 JavaThread "C2 CompilerThread0" daemon [_thread_blocked, id=16899, stack(0x0000700011214000,0x0000700011314000)]
  0x00007fb02300f800 JavaThread "JDWP Command Reader" daemon [_thread_in_native, id=17411, stack(0x0000700011111000,0x0000700011211000)]
  0x00007fb02480b800 JavaThread "JDWP Event Helper Thread" daemon [_thread_blocked, id=15875, stack(0x000070001100e000,0x000070001110e000)]
  0x00007fb026060800 JavaThread "JDWP Transport Listener: dt_socket" daemon [_thread_blocked, id=18183, stack(0x0000700010f0b000,0x000070001100b000)]
  0x00007fb023008800 JavaThread "Signal Dispatcher" daemon [_thread_blocked, id=18691, stack(0x0000700010e08000,0x0000700010f08000)]
  0x00007fb023820000 JavaThread "Finalizer" daemon [_thread_blocked, id=19715, stack(0x0000700010bff000,0x0000700010cff000)]
  0x00007fb02604f800 JavaThread "Reference Handler" daemon [_thread_blocked, id=19971, stack(0x0000700010afc000,0x0000700010bfc000)]
  0x00007fb02380f800 JavaThread "main" [_thread_blocked, id=4611, stack(0x000070000fed8000,0x000070000ffd8000)]

Other Threads:
=>0x00007fb026049000 VMThread [stack: 0x00007000109f9000,0x0000700010af9000] [id=13059]
  0x00007fb029809000 WatcherThread [stack: 0x0000700011723000,0x0000700011823000] [id=42499]

VM state:at safepoint (normal execution)

VM Mutex/Monitor currently owned by a thread:  ([mutex/lock_event])
[0x0000600001e25880] Threads_lock - owner thread: 0x00007fb026049000

Heap:
 PSYoungGen      total 138240K, used 106341K [0x000000076ab00000, 0x0000000775180000, 0x00000007c0000000)
  eden space 127488K, 74% used [0x000000076ab00000,0x000000077085e0a0,0x0000000772780000)
  from space 10752K, 99% used [0x0000000772900000,0x000000077337b448,0x0000000773380000)
  to   space 21504K, 0% used [0x0000000773c80000,0x0000000773c80000,0x0000000775180000)
 ParOldGen       total 132096K, used 24949K [0x00000006c0000000, 0x00000006c8100000, 0x000000076ab00000)
  object space 132096K, 18% used [0x00000006c0000000,0x00000006c185d4b0,0x00000006c8100000)
 Metaspace       used 31997K, capacity 32984K, committed 33280K, reserved 1079296K
  class space    used 3547K, capacity 3786K, committed 3840K, reserved 1048576K

Card table byte_map: [0x0000000106cdd000,0x00000001074de000] byte_map_base: 0x00000001036dd000

Marking Bits: (ParMarkBitMap*) 0x0000000108037cd0
 Begin Bits: [0x0000000108c48000, 0x000000010cc48000)
 End Bits:   [0x000000010cc48000, 0x0000000110c48000)

Polling page: 0x00000001067c0000

CodeCache: size=245760Kb used=13073Kb max_used=13960Kb free=232686Kb
 bounds [0x0000000114b38000, 0x0000000115918000, 0x0000000123b38000]
 total_blobs=3890 nmethods=3413 adapters=397
 compilation: enabled

Compilation events (10 events):
Event: 142.757 Thread 0x00007fb029808800 3956   !   3       java.util.concurrent.ConcurrentHashMap::computeIfAbsent (493 bytes)
Event: 142.759 Thread 0x00007fb029808800 nmethod 3956 0x0000000114ef9fd0 code [0x0000000114efa340, 0x0000000114efc938]
Event: 142.759 Thread 0x00007fb029808800 3955       3       com.google.common.net.MediaType$Tokenizer::hasMore (27 bytes)
Event: 142.759 Thread 0x00007fb029808800 nmethod 3955 0x000000011509c6d0 code [0x000000011509c840, 0x000000011509cb30]
Event: 142.760 Thread 0x00007fb029808800 3954       1       java.util.Currency::getCurrencyCode (5 bytes)
Event: 142.760 Thread 0x00007fb029808800 nmethod 3954 0x0000000115545c50 code [0x0000000115545da0, 0x0000000115545eb0]
Event: 142.763 Thread 0x00007fb029808800 3957       3       sun.util.locale.LocaleUtils::toLower (17 bytes)
Event: 142.763 Thread 0x00007fb029808800 nmethod 3957 0x0000000114ca3f50 code [0x0000000114ca40c0, 0x0000000114ca4330]
Event: 142.763 Thread 0x00007fb029808800 3958       1       sun.util.locale.StringTokenIterator::isDone (5 bytes)
Event: 142.763 Thread 0x00007fb029808800 nmethod 3958 0x000000011509c410 code [0x000000011509c560, 0x000000011509c670]

GC Heap History (10 events):
Event: 4.407 GC heap before
{Heap before GC invocations=2 (full 0):
 PSYoungGen      total 76288K, used 76256K [0x000000076ab00000, 0x0000000770000000, 0x00000007c0000000)
  eden space 65536K, 100% used [0x000000076ab00000,0x000000076eb00000,0x000000076eb00000)
  from space 10752K, 99% used [0x000000076eb00000,0x000000076f578050,0x000000076f580000)
  to   space 10752K, 0% used [0x000000076f580000,0x000000076f580000,0x0000000770000000)
 ParOldGen       total 175104K, used 523K [0x00000006c0000000, 0x00000006cab00000, 0x000000076ab00000)
  object space 175104K, 0% used [0x00000006c0000000,0x00000006c0082f50,0x00000006cab00000)
 Metaspace       used 18309K, capacity 18486K, committed 18944K, reserved 1067008K
  class space    used 1877K, capacity 1971K, committed 2048K, reserved 1048576K
Event: 4.420 GC heap after
Heap after GC invocations=2 (full 0):
 PSYoungGen      total 76288K, used 10728K [0x000000076ab00000, 0x0000000770000000, 0x00000007c0000000)
  eden space 65536K, 0% used [0x000000076ab00000,0x000000076ab00000,0x000000076eb00000)
  from space 10752K, 99% used [0x000000076f580000,0x000000076fffa1d8,0x0000000770000000)
  to   space 10752K, 0% used [0x000000076eb00000,0x000000076eb00000,0x000000076f580000)
 ParOldGen       total 175104K, used 10181K [0x00000006c0000000, 0x00000006cab00000, 0x000000076ab00000)
  object space 175104K, 5% used [0x00000006c0000000,0x00000006c09f1608,0x00000006cab00000)
 Metaspace       used 18309K, capacity 18486K, committed 18944K, reserved 1067008K
  class space    used 1877K, capacity 1971K, committed 2048K, reserved 1048576K
}
Event: 4.683 GC heap before
{Heap before GC invocations=3 (full 0):
 PSYoungGen      total 76288K, used 72798K [0x000000076ab00000, 0x0000000770000000, 0x00000007c0000000)
  eden space 65536K, 94% used [0x000000076ab00000,0x000000076e79d708,0x000000076eb00000)
  from space 10752K, 99% used [0x000000076f580000,0x000000076fffa1d8,0x0000000770000000)
  to   space 10752K, 0% used [0x000000076eb00000,0x000000076eb00000,0x000000076f580000)
 ParOldGen       total 175104K, used 10181K [0x00000006c0000000, 0x00000006cab00000, 0x000000076ab00000)
  object space 175104K, 5% used [0x00000006c0000000,0x00000006c09f1608,0x00000006cab00000)
 Metaspace       used 20804K, capacity 20982K, committed 21248K, reserved 1069056K
  class space    used 2134K, capacity 2227K, committed 2304K, reserved 1048576K
Event: 4.691 GC heap after
Heap after GC invocations=3 (full 0):
 PSYoungGen      total 76288K, used 10736K [0x000000076ab00000, 0x0000000774000000, 0x00000007c0000000)
  eden space 65536K, 0% used [0x000000076ab00000,0x000000076ab00000,0x000000076eb00000)
  from space 10752K, 99% used [0x000000076eb00000,0x000000076f57c270,0x000000076f580000)
  to   space 10752K, 0% used [0x0000000773580000,0x0000000773580000,0x0000000774000000)
 ParOldGen       total 175104K, used 16454K [0x00000006c0000000, 0x00000006cab00000, 0x000000076ab00000)
  object space 175104K, 9% used [0x00000006c0000000,0x00000006c10118b8,0x00000006cab00000)
 Metaspace       used 20804K, capacity 20982K, committed 21248K, reserved 1069056K
  class space    used 2134K, capacity 2227K, committed 2304K, reserved 1048576K
}
Event: 4.691 GC heap before
{Heap before GC invocations=4 (full 1):
 PSYoungGen      total 76288K, used 10736K [0x000000076ab00000, 0x0000000774000000, 0x00000007c0000000)
  eden space 65536K, 0% used [0x000000076ab00000,0x000000076ab00000,0x000000076eb00000)
  from space 10752K, 99% used [0x000000076eb00000,0x000000076f57c270,0x000000076f580000)
  to   space 10752K, 0% used [0x0000000773580000,0x0000000773580000,0x0000000774000000)
 ParOldGen       total 175104K, used 16454K [0x00000006c0000000, 0x00000006cab00000, 0x000000076ab00000)
  object space 175104K, 9% used [0x00000006c0000000,0x00000006c10118b8,0x00000006cab00000)
 Metaspace       used 20804K, capacity 20982K, committed 21248K, reserved 1069056K
  class space    used 2134K, capacity 2227K, committed 2304K, reserved 1048576K
Event: 4.749 GC heap after
Heap after GC invocations=4 (full 1):
 PSYoungGen      total 76288K, used 0K [0x000000076ab00000, 0x0000000774000000, 0x00000007c0000000)
  eden space 65536K, 0% used [0x000000076ab00000,0x000000076ab00000,0x000000076eb00000)
  from space 10752K, 0% used [0x000000076eb00000,0x000000076eb00000,0x000000076f580000)
  to   space 10752K, 0% used [0x0000000773580000,0x0000000773580000,0x0000000774000000)
 ParOldGen       total 132096K, used 22138K [0x00000006c0000000, 0x00000006c8100000, 0x000000076ab00000)
  object space 132096K, 16% used [0x00000006c0000000,0x00000006c159eb18,0x00000006c8100000)
 Metaspace       used 20804K, capacity 20982K, committed 21248K, reserved 1069056K
  class space    used 2134K, capacity 2227K, committed 2304K, reserved 1048576K
}
Event: 35.585 GC heap before
{Heap before GC invocations=5 (full 1):
 PSYoungGen      total 76288K, used 65536K [0x000000076ab00000, 0x0000000774000000, 0x00000007c0000000)
  eden space 65536K, 100% used [0x000000076ab00000,0x000000076eb00000,0x000000076eb00000)
  from space 10752K, 0% used [0x000000076eb00000,0x000000076eb00000,0x000000076f580000)
  to   space 10752K, 0% used [0x0000000773580000,0x0000000773580000,0x0000000774000000)
 ParOldGen       total 132096K, used 22138K [0x00000006c0000000, 0x00000006c8100000, 0x000000076ab00000)
  object space 132096K, 16% used [0x00000006c0000000,0x00000006c159eb18,0x00000006c8100000)
 Metaspace       used 25093K, capacity 25528K, committed 25600K, reserved 1073152K
  class space    used 2670K, capacity 2792K, committed 2816K, reserved 1048576K
Event: 35.589 GC heap after
Heap after GC invocations=5 (full 1):
 PSYoungGen      total 102400K, used 8484K [0x000000076ab00000, 0x0000000773e00000, 0x00000007c0000000)
  eden space 93696K, 0% used [0x000000076ab00000,0x000000076ab00000,0x0000000770680000)
  from space 8704K, 97% used [0x0000000773580000,0x0000000773dc9060,0x0000000773e00000)
  to   space 10752K, 0% used [0x0000000772900000,0x0000000772900000,0x0000000773380000)
 ParOldGen       total 132096K, used 22146K [0x00000006c0000000, 0x00000006c8100000, 0x000000076ab00000)
  object space 132096K, 16% used [0x00000006c0000000,0x00000006c15a0b18,0x00000006c8100000)
 Metaspace       used 25093K, capacity 25528K, committed 25600K, reserved 1073152K
  class space    used 2670K, capacity 2792K, committed 2816K, reserved 1048576K
}
Event: 88.717 GC heap before
{Heap before GC invocations=6 (full 1):
 PSYoungGen      total 102400K, used 102180K [0x000000076ab00000, 0x0000000773e00000, 0x00000007c0000000)
  eden space 93696K, 100% used [0x000000076ab00000,0x0000000770680000,0x0000000770680000)
  from space 8704K, 97% used [0x0000000773580000,0x0000000773dc9060,0x0000000773e00000)
  to   space 10752K, 0% used [0x0000000772900000,0x0000000772900000,0x0000000773380000)
 ParOldGen       total 132096K, used 22146K [0x00000006c0000000, 0x00000006c8100000, 0x000000076ab00000)
  object space 132096K, 16% used [0x00000006c0000000,0x00000006c15a0b18,0x00000006c8100000)
 Metaspace       used 28236K, capacity 28860K, committed 29056K, reserved 1075200K
  class space    used 3006K, capacity 3194K, committed 3200K, reserved 1048576K
Event: 88.726 GC heap after
Heap after GC invocations=6 (full 1):
 PSYoungGen      total 138240K, used 10733K [0x000000076ab00000, 0x0000000775180000, 0x00000007c0000000)
  eden space 127488K, 0% used [0x000000076ab00000,0x000000076ab00000,0x0000000772780000)
  from space 10752K, 99% used [0x0000000772900000,0x000000077337b448,0x0000000773380000)
  to   space 21504K, 0% used [0x0000000773c80000,0x0000000773c80000,0x0000000775180000)
 ParOldGen       total 132096K, used 24949K [0x00000006c0000000, 0x00000006c8100000, 0x000000076ab00000)
  object space 132096K, 18% used [0x00000006c0000000,0x00000006c185d4b0,0x00000006c8100000)
 Metaspace       used 28236K, capacity 28860K, committed 29056K, reserved 1075200K
  class space    used 3006K, capacity 3194K, committed 3200K, reserved 1048576K
}

Deoptimization events (10 events):
Event: 88.916 Thread 0x00007fb02380f800 Uncommon trap: reason=unloaded action=reinterpret pc=0x0000000115566180 method=org.aspectj.apache.bcel.classfile.Attribute.readAttribute(Ljava/io/DataInputStream;Lorg/aspectj/apache/bcel/classfile/ConstantPool;)Lorg/aspectj/apache/bcel/classfile/Attribute
Event: 88.998 Thread 0x00007fb02380f800 Uncommon trap: reason=class_check action=maybe_recompile pc=0x00000001150dfdbc method=java.util.regex.Matcher.search(I)Z @ 86
Event: 88.998 Thread 0x00007fb02380f800 Uncommon trap: reason=class_check action=maybe_recompile pc=0x00000001150dfdbc method=java.util.regex.Matcher.search(I)Z @ 86
Event: 88.998 Thread 0x00007fb02380f800 Uncommon trap: reason=class_check action=maybe_recompile pc=0x00000001150dfdbc method=java.util.regex.Matcher.search(I)Z @ 86
Event: 89.002 Thread 0x00007fb02380f800 Uncommon trap: reason=unstable_if action=reinterpret pc=0x0000000114f7aef8 method=java.util.TreeMap.put(Ljava/lang/Object;Ljava/lang/Object;)Ljava/lang/Object; @ 163
Event: 89.107 Thread 0x00007fb02380f800 Uncommon trap: reason=unstable_if action=reinterpret pc=0x0000000115201f0c method=java.util.regex.Pattern$BmpCharProperty.match(Ljava/util/regex/Matcher;ILjava/lang/CharSequence;)Z @ 34
Event: 106.659 Thread 0x00007fb02380f800 Uncommon trap: reason=class_check action=maybe_recompile pc=0x0000000114db8558 method=org.openqa.selenium.json.Input.init()V @ 18
Event: 106.659 Thread 0x00007fb02380f800 Uncommon trap: reason=class_check action=maybe_recompile pc=0x0000000114db8558 method=org.openqa.selenium.json.Input.init()V @ 18
Event: 106.659 Thread 0x00007fb02380f800 Uncommon trap: reason=class_check action=maybe_recompile pc=0x0000000114db8558 method=org.openqa.selenium.json.Input.init()V @ 18
Event: 106.659 Thread 0x00007fb02380f800 Uncommon trap: reason=class_check action=maybe_recompile pc=0x0000000114db8558 method=org.openqa.selenium.json.Input.init()V @ 18

Classes redefined (2 events):
Event: 186.783 Thread 0x00007fb026049000 redefined class name=com.twc.ios.app.testcases.GDPRPrivacyTest, count=1
Event: 201.925 Thread 0x00007fb026049000 redefined class name=com.twc.ios.app.testcases.GDPRPrivacyTest, count=2

Internal exceptions (10 events):
Event: 106.665 Thread 0x00007fb02380f800 Exception <a 'java/lang/NoSuchMethodError': java.lang.Object.lambda$getResponseFunction$0(Lorg/openqa/selenium/remote/InitialHandshakeResponse;)Lorg/openqa/selenium/remote/ProtocolHandshake$Result;> (0x000000076fbe3360) thrown at [/Users/java_re/workspace
Event: 106.700 Thread 0x00007fb02380f800 Exception <a 'java/net/SocketTimeoutException': Read timed out> (0x00000007700b5630) thrown at [/Users/java_re/workspace/8-2-build-macosx-x86_64/jdk8u181/11358/hotspot/src/share/vm/prims/jni.cpp, line 735]
Event: 106.713 Thread 0x00007fb02380f800 Exception <a 'java/net/SocketTimeoutException': Read timed out> (0x00000007700d2510) thrown at [/Users/java_re/workspace/8-2-build-macosx-x86_64/jdk8u181/11358/hotspot/src/share/vm/prims/jni.cpp, line 735]
Event: 118.273 Thread 0x00007fb02380f800 Exception <a 'java/net/SocketTimeoutException': Read timed out> (0x00000007700f6718) thrown at [/Users/java_re/workspace/8-2-build-macosx-x86_64/jdk8u181/11358/hotspot/src/share/vm/prims/jni.cpp, line 735]
Event: 118.282 Thread 0x00007fb02380f800 Exception <a 'java/net/SocketTimeoutException': Read timed out> (0x000000077010c078) thrown at [/Users/java_re/workspace/8-2-build-macosx-x86_64/jdk8u181/11358/hotspot/src/share/vm/prims/jni.cpp, line 735]
Event: 118.344 Thread 0x00007fb02380f800 Exception <a 'java/net/SocketTimeoutException': Read timed out> (0x00000007703bc778) thrown at [/Users/java_re/workspace/8-2-build-macosx-x86_64/jdk8u181/11358/hotspot/src/share/vm/prims/jni.cpp, line 735]
Event: 118.367 Thread 0x00007fb02380f800 Exception <a 'java/net/SocketTimeoutException': Read timed out> (0x00000007703e12c8) thrown at [/Users/java_re/workspace/8-2-build-macosx-x86_64/jdk8u181/11358/hotspot/src/share/vm/prims/jni.cpp, line 735]
Event: 124.461 Thread 0x00007fb02380f800 Exception <a 'java/net/SocketTimeoutException': Read timed out> (0x00000007703f74e0) thrown at [/Users/java_re/workspace/8-2-build-macosx-x86_64/jdk8u181/11358/hotspot/src/share/vm/prims/jni.cpp, line 735]
Event: 124.551 Thread 0x00007fb02380f800 Exception <a 'java/net/SocketTimeoutException': Read timed out> (0x00000007704218d0) thrown at [/Users/java_re/workspace/8-2-build-macosx-x86_64/jdk8u181/11358/hotspot/src/share/vm/prims/jni.cpp, line 735]
Event: 142.711 Thread 0x00007fb02380f800 Exception <a 'java/net/SocketTimeoutException': Read timed out> (0x000000077044eb98) thrown at [/Users/java_re/workspace/8-2-build-macosx-x86_64/jdk8u181/11358/hotspot/src/share/vm/prims/jni.cpp, line 735]

Events (10 events):
Event: 201.935 Executing VM operation: ChangeBreakpoints done
Event: 201.941 Executing VM operation: ChangeBreakpoints
Event: 201.942 Executing VM operation: ChangeBreakpoints done
Event: 201.949 Executing VM operation: ChangeBreakpoints
Event: 201.950 Executing VM operation: ChangeBreakpoints done
Event: 202.173 Executing VM operation: GetOwnedMonitorInfo
Event: 202.173 Executing VM operation: GetOwnedMonitorInfo done
Event: 202.173 Executing VM operation: GetCurrentContendedMonitor
Event: 202.173 Executing VM operation: GetCurrentContendedMonitor done
Event: 202.176 Executing VM operation: GetOrSetLocal


Dynamic libraries:
0x00007ff81f262000 	/System/Library/Frameworks/Cocoa.framework/Versions/A/Cocoa
0x00007ff80aedf000 	/System/Library/Frameworks/AppKit.framework/Versions/C/AppKit
0x00007ff80e3ea000 	/System/Library/Frameworks/CoreData.framework/Versions/A/CoreData
0x00007ff8092eb000 	/System/Library/Frameworks/Foundation.framework/Versions/C/Foundation
0x00007ff81320b000 	/usr/lib/libSystem.B.dylib
0x00007ff80bd6d000 	/System/Library/PrivateFrameworks/UIFoundation.framework/Versions/A/UIFoundation
0x00007ff81916c000 	/System/Library/PrivateFrameworks/RemoteViewServices.framework/Versions/A/RemoteViewServices
0x00007ff811456000 	/System/Library/PrivateFrameworks/XCTTargetBootstrap.framework/Versions/A/XCTTargetBootstrap
0x00007ff815012000 	/System/Library/PrivateFrameworks/InternationalSupport.framework/Versions/A/InternationalSupport
0x00007ff81509c000 	/System/Library/PrivateFrameworks/UserActivity.framework/Versions/A/UserActivity
0x00007ff8143f2000 	/usr/lib/libspindump.dylib
0x00007ff80bffb000 	/System/Library/Frameworks/UniformTypeIdentifiers.framework/Versions/A/UniformTypeIdentifiers
0x00007ff80fb7f000 	/usr/lib/libapp_launch_measurement.dylib
0x00007ff80edba000 	/System/Library/PrivateFrameworks/CoreAnalytics.framework/Versions/A/CoreAnalytics
0x00007ff80fb82000 	/System/Library/PrivateFrameworks/CoreAutoLayout.framework/Versions/A/CoreAutoLayout
0x00007ff810db0000 	/System/Library/Frameworks/Metal.framework/Versions/A/Metal
0x00007ff811adc000 	/usr/lib/liblangid.dylib
0x00007ff81145b000 	/System/Library/PrivateFrameworks/CoreSVG.framework/Versions/A/CoreSVG
0x00007ff80d3e2000 	/System/Library/PrivateFrameworks/SkyLight.framework/Versions/A/SkyLight
0x00007ff80d780000 	/System/Library/Frameworks/CoreGraphics.framework/Versions/A/CoreGraphics
0x00007ff81982c000 	/System/Library/Frameworks/Accelerate.framework/Versions/A/Accelerate
0x00007ff813e71000 	/System/Library/PrivateFrameworks/IconServices.framework/Versions/A/IconServices
0x00007ff810d95000 	/System/Library/Frameworks/IOSurface.framework/Versions/A/IOSurface
0x00007ff80ede8000 	/usr/lib/libDiagnosticMessagesClient.dylib
0x00007ff81312b000 	/usr/lib/libz.1.dylib
0x00007ff81cf0f000 	/System/Library/Frameworks/ApplicationServices.framework/Versions/A/ApplicationServices
0x00007ff811442000 	/System/Library/PrivateFrameworks/DFRFoundation.framework/Versions/A/DFRFoundation
0x00007ff80a7c7000 	/usr/lib/libicucore.A.dylib
0x00007ff815e07000 	/System/Library/Frameworks/AudioToolbox.framework/Versions/A/AudioToolbox
0x00007ff81501e000 	/System/Library/PrivateFrameworks/DataDetectorsCore.framework/Versions/A/DataDetectorsCore
0x00007ff910fab000 	/System/Library/PrivateFrameworks/TextInput.framework/Versions/A/TextInput
0x00007ff80d365000 	/usr/lib/libMobileGestalt.dylib
0x00007ff81114e000 	/System/Library/Frameworks/Carbon.framework/Versions/A/Frameworks/HIToolbox.framework/Versions/A/HIToolbox
0x00007ff80f585000 	/System/Library/Frameworks/QuartzCore.framework/Versions/A/QuartzCore
0x00007ff80a46e000 	/System/Library/Frameworks/Security.framework/Versions/A/Security
0x00007ff8191a4000 	/System/Library/Frameworks/Carbon.framework/Versions/A/Frameworks/SpeechRecognition.framework/Versions/A/SpeechRecognition
0x00007ff80f8df000 	/System/Library/PrivateFrameworks/CoreUI.framework/Versions/A/CoreUI
0x00007ff809d3a000 	/System/Library/Frameworks/CoreAudio.framework/Versions/A/CoreAudio
0x00007ff80eed7000 	/System/Library/Frameworks/DiskArbitration.framework/Versions/A/DiskArbitration
0x00007ff8147e0000 	/System/Library/PrivateFrameworks/MultitouchSupport.framework/Versions/A/MultitouchSupport
0x00007ff80d364000 	/usr/lib/libenergytrace.dylib
0x00007ff80adcb000 	/System/Library/Frameworks/IOKit.framework/Versions/A/IOKit
0x00007ff819594000 	/System/Library/Frameworks/CoreServices.framework/Versions/A/CoreServices
0x00007ff80fb19000 	/System/Library/PrivateFrameworks/PerformanceAnalysis.framework/Versions/A/PerformanceAnalysis
0x00007ffa204cf000 	/System/Library/Frameworks/OpenGL.framework/Versions/A/OpenGL
0x00007ff812745000 	/System/Library/PrivateFrameworks/MobileKeyBag.framework/Versions/A/MobileKeyBag
0x00007ff8082bb000 	/usr/lib/libobjc.A.dylib
0x00007ff80de4b000 	/System/Library/Frameworks/ColorSync.framework/Versions/A/ColorSync
0x00007ff808479000 	/System/Library/Frameworks/CoreFoundation.framework/Versions/A/CoreFoundation
0x00007ff8116d2000 	/System/Library/Frameworks/CoreImage.framework/Versions/A/CoreImage
0x00007ff809b52000 	/System/Library/Frameworks/CoreText.framework/Versions/A/CoreText
0x00007ff81148b000 	/System/Library/Frameworks/ImageIO.framework/Versions/A/ImageIO
0x00007ff813211000 	/System/Library/PrivateFrameworks/SoftLinking.framework/Versions/A/SoftLinking
0x00007ff80fbca000 	/usr/lib/libxml2.2.dylib
0x00007ff808385000 	/usr/lib/libc++.1.dylib
0x00007ff813495000 	/usr/lib/libcompression.dylib
0x00007ff814f45000 	/System/Library/PrivateFrameworks/TextureIO.framework/Versions/A/TextureIO
0x00007ff813b83000 	/usr/lib/libate.dylib
0x00007ff813206000 	/usr/lib/system/libcache.dylib
0x00007ff8131c2000 	/usr/lib/system/libcommonCrypto.dylib
0x00007ff8131eb000 	/usr/lib/system/libcompiler_rt.dylib
0x00007ff8131e1000 	/usr/lib/system/libcopyfile.dylib
0x00007ff8081b6000 	/usr/lib/system/libcorecrypto.dylib
0x00007ff808274000 	/usr/lib/system/libdispatch.dylib
0x00007ff808438000 	/usr/lib/system/libdyld.dylib
0x00007ff8131fd000 	/usr/lib/system/libkeymgr.dylib
0x00007ff8131a0000 	/usr/lib/system/libmacho.dylib
0x00007ff81281f000 	/usr/lib/system/libquarantine.dylib
0x00007ff8131fb000 	/usr/lib/system/libremovefile.dylib
0x00007ff80d3b2000 	/usr/lib/system/libsystem_asl.dylib
0x00007ff80815f000 	/usr/lib/system/libsystem_blocks.dylib
0x00007ff8082fc000 	/usr/lib/system/libsystem_c.dylib
0x00007ff8131f3000 	/usr/lib/system/libsystem_collections.dylib
0x00007ff811acc000 	/usr/lib/system/libsystem_configuration.dylib
0x00007ff810d78000 	/usr/lib/system/libsystem_containermanager.dylib
0x00007ff812ed9000 	/usr/lib/system/libsystem_coreservices.dylib
0x00007ff80aa5b000 	/usr/lib/system/libsystem_darwin.dylib
0x00007ff8131fe000 	/usr/lib/system/libsystem_dnssd.dylib
0x00007ff8082f9000 	/usr/lib/system/libsystem_featureflags.dylib
0x00007ff80844e000 	/usr/lib/system/libsystem_info.dylib
0x00007ff81313e000 	/usr/lib/system/libsystem_m.dylib
0x00007ff808248000 	/usr/lib/system/libsystem_malloc.dylib
0x00007ff80d34d000 	/usr/lib/system/libsystem_networkextension.dylib
0x00007ff80ae81000 	/usr/lib/system/libsystem_notify.dylib
0x00007ff819469000 	/usr/lib/system/libsystem_product_info_filter.dylib
0x00007ff811ad0000 	/usr/lib/system/libsystem_sandbox.dylib
0x00007ff8131f8000 	/usr/lib/system/libsystem_secinit.dylib
0x00007ff8083f4000 	/usr/lib/system/libsystem_kernel.dylib
0x00007ff808444000 	/usr/lib/system/libsystem_platform.dylib
0x00007ff80842c000 	/usr/lib/system/libsystem_pthread.dylib
0x00007ff80ebfa000 	/usr/lib/system/libsystem_symptoms.dylib
0x00007ff80819d000 	/usr/lib/system/libsystem_trace.dylib
0x00007ff8131ce000 	/usr/lib/system/libunwind.dylib
0x00007ff808161000 	/usr/lib/system/libxpc.dylib
0x00007ff8083de000 	/usr/lib/libc++abi.dylib
0x00007ff8131d9000 	/usr/lib/liboah.dylib
0x00007ff81395f000 	/usr/lib/liblzma.5.dylib
0x00007ff808ffe000 	/System/Library/Frameworks/SystemConfiguration.framework/Versions/A/SystemConfiguration
0x00007ff81320d000 	/usr/lib/libfakelink.dylib
0x00007ff80cebe000 	/System/Library/Frameworks/CFNetwork.framework/Versions/A/CFNetwork
0x00007ff81334e000 	/usr/lib/libarchive.2.dylib
0x00007ff811ad8000 	/System/Library/PrivateFrameworks/AppleSystemInfo.framework/Versions/A/AppleSystemInfo
0x00007ff812846000 	/usr/lib/libbsm.0.dylib
0x00007ff80c4d1000 	/usr/lib/libnetwork.dylib
0x00007ff8131a6000 	/usr/lib/system/libkxld.dylib
0x00007ff812472000 	/System/Library/PrivateFrameworks/IOMobileFramebuffer.framework/Versions/A/IOMobileFramebuffer
0x00007ffb1f9d6000 	/usr/lib/libCoreEntitlements.dylib
0x00007ff812ebb000 	/System/Library/PrivateFrameworks/AppleFSCompression.framework/Versions/A/AppleFSCompression
0x00007ff81282e000 	/usr/lib/libcoretls.dylib
0x00007ff813979000 	/usr/lib/libcoretls_cfhelpers.dylib
0x00007ff813490000 	/usr/lib/libpam.2.dylib
0x00007ff80e81a000 	/usr/lib/libsqlite3.dylib
0x00007ff8139e8000 	/usr/lib/libxar.1.dylib
0x00007ff812ecb000 	/usr/lib/libbz2.1.0.dylib
0x00007ff813212000 	/usr/lib/libpcap.A.dylib
0x00007ff80ebf2000 	/usr/lib/libdns_services.dylib
0x00007ff813460000 	/usr/lib/libapple_nghttp2.dylib
0x00007ff81324c000 	/usr/lib/libiconv.2.dylib
0x00007ff81319f000 	/usr/lib/libcharset.1.dylib
0x00007ff80fb4d000 	/System/Library/Frameworks/CoreServices.framework/Versions/A/Frameworks/FSEvents.framework/Versions/A/FSEvents
0x00007ff80aa65000 	/System/Library/Frameworks/CoreServices.framework/Versions/A/Frameworks/CarbonCore.framework/Versions/A/CarbonCore
0x00007ff80ee3b000 	/System/Library/Frameworks/CoreServices.framework/Versions/A/Frameworks/Metadata.framework/Versions/A/Metadata
0x00007ff812ede000 	/System/Library/Frameworks/CoreServices.framework/Versions/A/Frameworks/OSServices.framework/Versions/A/OSServices
0x00007ff8133d5000 	/System/Library/Frameworks/CoreServices.framework/Versions/A/Frameworks/SearchKit.framework/Versions/A/SearchKit
0x00007ff80eb85000 	/System/Library/Frameworks/CoreServices.framework/Versions/A/Frameworks/AE.framework/Versions/A/AE
0x00007ff80897b000 	/System/Library/Frameworks/CoreServices.framework/Versions/A/Frameworks/LaunchServices.framework/Versions/A/LaunchServices
0x00007ff813910000 	/System/Library/Frameworks/CoreServices.framework/Versions/A/Frameworks/DictionaryServices.framework/Versions/A/DictionaryServices
0x00007ff80fb5a000 	/System/Library/Frameworks/CoreServices.framework/Versions/A/Frameworks/SharedFileList.framework/Versions/A/SharedFileList
0x00007ff812822000 	/usr/lib/libCheckFix.dylib
0x00007ff80d3c9000 	/System/Library/PrivateFrameworks/TCC.framework/Versions/A/TCC
0x00007ff811ade000 	/System/Library/PrivateFrameworks/CoreNLP.framework/Versions/A/CoreNLP
0x00007ff80edeb000 	/System/Library/PrivateFrameworks/MetadataUtilities.framework/Versions/A/MetadataUtilities
0x00007ff8090ae000 	/usr/lib/libmecabra.dylib
0x00007ff812856000 	/usr/lib/libmecab.dylib
0x00007ff809079000 	/usr/lib/libCRFSuite.dylib
0x00007ff8128b0000 	/usr/lib/libgermantok.dylib
0x00007ff81343b000 	/usr/lib/libThaiTokenizer.dylib
0x00007ff80eede000 	/System/Library/Frameworks/Accelerate.framework/Versions/A/Frameworks/vImage.framework/Versions/A/vImage
0x00007ff81956b000 	/System/Library/Frameworks/Accelerate.framework/Versions/A/Frameworks/vecLib.framework/Versions/A/vecLib
0x00007ff813a29000 	/System/Library/Frameworks/Accelerate.framework/Versions/A/Frameworks/vecLib.framework/Versions/A/libvMisc.dylib
0x00007ff81229d000 	/System/Library/Frameworks/Accelerate.framework/Versions/A/Frameworks/vecLib.framework/Versions/A/libvDSP.dylib
0x00007ff808cf5000 	/System/Library/Frameworks/Accelerate.framework/Versions/A/Frameworks/vecLib.framework/Versions/A/libBLAS.dylib
0x00007ff813572000 	/System/Library/Frameworks/Accelerate.framework/Versions/A/Frameworks/vecLib.framework/Versions/A/libLAPACK.dylib
0x00007ff8128b3000 	/System/Library/Frameworks/Accelerate.framework/Versions/A/Frameworks/vecLib.framework/Versions/A/libLinearAlgebra.dylib
0x00007ff813478000 	/System/Library/Frameworks/Accelerate.framework/Versions/A/Frameworks/vecLib.framework/Versions/A/libSparseBLAS.dylib
0x00007ff81356c000 	/System/Library/Frameworks/Accelerate.framework/Versions/A/Frameworks/vecLib.framework/Versions/A/libQuadrature.dylib
0x00007ff811bc9000 	/System/Library/Frameworks/Accelerate.framework/Versions/A/Frameworks/vecLib.framework/Versions/A/libBNNS.dylib
0x00007ff808f8f000 	/System/Library/Frameworks/Accelerate.framework/Versions/A/Frameworks/vecLib.framework/Versions/A/libSparse.dylib
0x00007ff811bc2000 	/System/Library/PrivateFrameworks/LinguisticData.framework/Versions/A/LinguisticData
0x00007ff808f45000 	/System/Library/PrivateFrameworks/Lexicon.framework/Versions/A/Lexicon
0x00007ff813a22000 	/usr/lib/libChineseTokenizer.dylib
0x00007ff8096a7000 	/System/Library/PrivateFrameworks/LanguageModeling.framework/Versions/A/LanguageModeling
0x00007ff81343d000 	/System/Library/PrivateFrameworks/AppleSauce.framework/Versions/A/AppleSauce
0x00007ff812460000 	/System/Library/PrivateFrameworks/CoreEmoji.framework/Versions/A/CoreEmoji
0x00007ff81333d000 	/usr/lib/libcmph.dylib
0x00007ff80fb31000 	/System/Library/Frameworks/OpenDirectory.framework/Versions/A/Frameworks/CFOpenDirectory.framework/Versions/A/CFOpenDirectory
0x00007ff80fb25000 	/System/Library/Frameworks/OpenDirectory.framework/Versions/A/OpenDirectory
0x00007ff81397b000 	/System/Library/PrivateFrameworks/APFS.framework/Versions/A/APFS
0x00007ff81277d000 	/System/Library/Frameworks/SecurityFoundation.framework/Versions/A/SecurityFoundation
0x00007ff8139f6000 	/usr/lib/libutil.dylib
0x00007ff80ad8f000 	/System/Library/PrivateFrameworks/CoreServicesStore.framework/Versions/A/CoreServicesStore
0x00007ff8139fa000 	/usr/lib/libxslt.1.dylib
0x00007ff81280a000 	/System/Library/PrivateFrameworks/BackgroundTaskManagement.framework/Versions/A/BackgroundTaskManagement
0x00007ff814e65000 	/System/Library/Frameworks/ImageIO.framework/Versions/A/Resources/libRadiance.dylib
0x00007ff814e6e000 	/System/Library/Frameworks/ImageIO.framework/Versions/A/Resources/libJPEG.dylib
0x00007ff814dbf000 	/System/Library/Frameworks/ImageIO.framework/Versions/A/Resources/libPng.dylib
0x00007ff814de0000 	/System/Library/Frameworks/ImageIO.framework/Versions/A/Resources/libTIFF.dylib
0x00007ff814ece000 	/System/Library/Frameworks/ImageIO.framework/Versions/A/Resources/libGIF.dylib
0x00007ff8146fa000 	/System/Library/Frameworks/ImageIO.framework/Versions/A/Resources/libJP2.dylib
0x00007ff813e38000 	/usr/lib/libexpat.1.dylib
0x00007ff8146af000 	/System/Library/PrivateFrameworks/AppleJPEG.framework/Versions/A/AppleJPEG
0x00007ff811012000 	/System/Library/PrivateFrameworks/FontServices.framework/libFontParser.dylib
0x00007ff80eb2f000 	/System/Library/PrivateFrameworks/RunningBoardServices.framework/Versions/A/RunningBoardServices
0x00007ff81f81a000 	/System/Library/PrivateFrameworks/IOSurfaceAccelerator.framework/Versions/A/IOSurfaceAccelerator
0x00007ff8147dc000 	/System/Library/PrivateFrameworks/WatchdogClient.framework/Versions/A/WatchdogClient
0x00007ff809795000 	/System/Library/Frameworks/CoreDisplay.framework/Versions/A/CoreDisplay
0x00007ff810f10000 	/System/Library/Frameworks/CoreMedia.framework/Versions/A/CoreMedia
0x00007ff810da7000 	/System/Library/PrivateFrameworks/IOAccelerator.framework/Versions/A/IOAccelerator
0x00007ff80fcae000 	/System/Library/Frameworks/CoreVideo.framework/Versions/A/CoreVideo
0x00007ff81348e000 	/System/Library/Frameworks/MetalPerformanceShaders.framework/Versions/A/MetalPerformanceShaders
0x00007ff814819000 	/System/Library/Frameworks/VideoToolbox.framework/Versions/A/VideoToolbox
0x00007ff80ea79000 	/System/Library/PrivateFrameworks/BaseBoard.framework/Versions/A/BaseBoard
0x00007ff80e800000 	/System/Library/PrivateFrameworks/ProtocolBuffer.framework/Versions/A/ProtocolBuffer
0x00007ff814e5e000 	/System/Library/PrivateFrameworks/GPUWrangler.framework/Versions/A/GPUWrangler
0x00007ff814e42000 	/System/Library/PrivateFrameworks/IOPresentment.framework/Versions/A/IOPresentment
0x00007ff814e68000 	/System/Library/PrivateFrameworks/DSExternalDisplay.framework/Versions/A/DSExternalDisplay
0x00007ffa204c3000 	/System/Library/Frameworks/OpenGL.framework/Versions/A/Libraries/libCoreFSCache.dylib
0x00007ffb0d17f000 	/System/Library/PrivateFrameworks/GPUCompiler.framework/Versions/31001/Libraries/libGPUCompilerUtils.dylib
0x00007ff814ed3000 	/System/Library/PrivateFrameworks/CMCaptureCore.framework/Versions/A/CMCaptureCore
0x00007ff8143e0000 	/System/Library/PrivateFrameworks/AppServerSupport.framework/Versions/A/AppServerSupport
0x00007ff81669f000 	/System/Library/PrivateFrameworks/perfdata.framework/Versions/A/perfdata
0x00007ff8098c1000 	/System/Library/PrivateFrameworks/AudioToolboxCore.framework/Versions/A/AudioToolboxCore
0x00007ff810eee000 	/System/Library/PrivateFrameworks/caulk.framework/Versions/A/caulk
0x00007ff815fb1000 	/usr/lib/libAudioStatistics.dylib
0x00007ff90d759000 	/System/Library/PrivateFrameworks/SystemPolicy.framework/Versions/A/SystemPolicy
0x00007ff81620c000 	/usr/lib/libSMC.dylib
0x00007ff81f115000 	/System/Library/Frameworks/CoreMIDI.framework/Versions/A/CoreMIDI
0x00007ff814d8e000 	/usr/lib/libAudioToolboxUtility.dylib
0x00007ff9099fc000 	/System/Library/PrivateFrameworks/OSAServicesClient.framework/Versions/A/OSAServicesClient
0x00007ff8166ac000 	/usr/lib/libperfcheck.dylib
0x00007ff90e203000 	/usr/lib/libmis.dylib
0x00007ffa2051e000 	/System/Library/Frameworks/OpenGL.framework/Versions/A/Libraries/libGLU.dylib
0x00007ffa204e2000 	/System/Library/Frameworks/OpenGL.framework/Versions/A/Libraries/libGFXShared.dylib
0x00007ffa206eb000 	/System/Library/Frameworks/OpenGL.framework/Versions/A/Libraries/libGL.dylib
0x00007ffa204eb000 	/System/Library/Frameworks/OpenGL.framework/Versions/A/Libraries/libGLImage.dylib
0x00007ffa204df000 	/System/Library/Frameworks/OpenGL.framework/Versions/A/Libraries/libCVMSPluginSupport.dylib
0x00007ffa204ca000 	/System/Library/Frameworks/OpenGL.framework/Versions/A/Libraries/libCoreVMClient.dylib
0x00007ff811a5a000 	/System/Library/Frameworks/MetalPerformanceShaders.framework/Versions/A/Frameworks/MPSCore.framework/Versions/A/MPSCore
0x00007ff812e26000 	/System/Library/Frameworks/MetalPerformanceShaders.framework/Versions/A/Frameworks/MPSImage.framework/Versions/A/MPSImage
0x00007ff8128c9000 	/System/Library/Frameworks/MetalPerformanceShaders.framework/Versions/A/Frameworks/MPSNeuralNetwork.framework/Versions/A/MPSNeuralNetwork
0x00007ff812d3d000 	/System/Library/Frameworks/MetalPerformanceShaders.framework/Versions/A/Frameworks/MPSMatrix.framework/Versions/A/MPSMatrix
0x00007ff812af8000 	/System/Library/Frameworks/MetalPerformanceShaders.framework/Versions/A/Frameworks/MPSRayIntersector.framework/Versions/A/MPSRayIntersector
0x00007ff812d75000 	/System/Library/Frameworks/MetalPerformanceShaders.framework/Versions/A/Frameworks/MPSNDArray.framework/Versions/A/MPSNDArray
0x00007ffa2544b000 	/System/Library/Frameworks/MetalPerformanceShaders.framework/Versions/A/Frameworks/MPSFunctions.framework/Versions/A/MPSFunctions
0x00007ff808bd2000 	/System/Library/PrivateFrameworks/MetalTools.framework/Versions/A/MetalTools
0x00007ff811ad6000 	/System/Library/PrivateFrameworks/AggregateDictionary.framework/Versions/A/AggregateDictionary
0x00007ff813c1a000 	/usr/lib/libIOReport.dylib
0x00007ffa21afa000 	/System/Library/Frameworks/OpenCL.framework/Versions/A/OpenCL
0x00007ff813f7e000 	/System/Library/PrivateFrameworks/FaceCore.framework/Versions/A/FaceCore
0x00007ff813f6f000 	/System/Library/PrivateFrameworks/GraphVisualizer.framework/Versions/A/GraphVisualizer
0x00007ffb0d08a000 	/System/Library/PrivateFrameworks/FontServices.framework/Versions/A/FontServices
0x00007ff814398000 	/System/Library/PrivateFrameworks/OTSVG.framework/Versions/A/OTSVG
0x00007ff80f895000 	/System/Library/Frameworks/ApplicationServices.framework/Versions/A/Frameworks/ATS.framework/Versions/A/Resources/libFontRegistry.dylib
0x00007ff8143e8000 	/System/Library/PrivateFrameworks/FontServices.framework/libhvf.dylib
0x00007ffb0d08b000 	/System/Library/PrivateFrameworks/FontServices.framework/libXTFontStaticRegistryData.dylib
0x00007ff813de8000 	/System/Library/PrivateFrameworks/AppleVA.framework/Versions/A/AppleVA
0x00007ff815fd1000 	/System/Library/Frameworks/ApplicationServices.framework/Versions/A/Frameworks/ATS.framework/Versions/A/ATS
0x00007ff80df47000 	/System/Library/Frameworks/ApplicationServices.framework/Versions/A/Frameworks/HIServices.framework/Versions/A/HIServices
0x00007ff814edd000 	/System/Library/Frameworks/ApplicationServices.framework/Versions/A/Frameworks/PrintCore.framework/Versions/A/PrintCore
0x00007ff81635f000 	/System/Library/Frameworks/ApplicationServices.framework/Versions/A/Frameworks/QD.framework/Versions/A/QD
0x00007ff816357000 	/System/Library/Frameworks/ApplicationServices.framework/Versions/A/Frameworks/ColorSyncLegacy.framework/Versions/A/ColorSyncLegacy
0x00007ff815fc1000 	/System/Library/Frameworks/ApplicationServices.framework/Versions/A/Frameworks/SpeechSynthesis.framework/Versions/A/SpeechSynthesis
0x00007ff814e9e000 	/System/Library/Frameworks/ApplicationServices.framework/Versions/A/Frameworks/ATSUI.framework/Versions/A/ATSUI
0x00007ff8162ec000 	/usr/lib/libcups.2.dylib
0x00007ff8166bb000 	/System/Library/Frameworks/Kerberos.framework/Versions/A/Kerberos
0x00007ff8166ca000 	/System/Library/Frameworks/GSS.framework/Versions/A/GSS
0x00007ff81603d000 	/usr/lib/libresolv.9.dylib
0x00007ff8143f7000 	/System/Library/PrivateFrameworks/Heimdal.framework/Versions/A/Heimdal
0x00007ff81d297000 	/System/Library/Frameworks/Kerberos.framework/Versions/A/Libraries/libHeimdalProxy.dylib
0x00007ff80ec02000 	/System/Library/Frameworks/Network.framework/Versions/A/Network
0x00007ff813e52000 	/usr/lib/libheimdal-asn1.dylib
0x00007ff816715000 	/System/Library/PrivateFrameworks/CommonAuth.framework/Versions/A/CommonAuth
0x00007ff815f43000 	/System/Library/PrivateFrameworks/AudioSession.framework/Versions/A/AudioSession
0x00007ff813ee2000 	/System/Library/PrivateFrameworks/MediaExperience.framework/Versions/A/MediaExperience
0x00007ff815dd6000 	/System/Library/PrivateFrameworks/AudioSession.framework/libSessionUtility.dylib
0x00007ff81636b000 	/System/Library/PrivateFrameworks/AudioResourceArbitration.framework/Versions/A/AudioResourceArbitration
0x00007ff81a3de000 	/System/Library/PrivateFrameworks/PowerLog.framework/Versions/A/PowerLog
0x00007ff813e5b000 	/System/Library/PrivateFrameworks/IconFoundation.framework/Versions/A/IconFoundation
0x00007ff819194000 	/System/Library/PrivateFrameworks/SpeechRecognitionCore.framework/Versions/A/SpeechRecognitionCore
0x000000010773e000 	/Library/Java/JavaVirtualMachines/jdk1.8.0_181.jdk/Contents/Home/jre/lib/server/libjvm.dylib
0x00007ffb2047e000 	/usr/lib/libstdc++.6.dylib
0x00000001067cd000 	/Library/Java/JavaVirtualMachines/jdk1.8.0_181.jdk/Contents/Home/jre/lib/libverify.dylib
0x0000000106811000 	/Library/Java/JavaVirtualMachines/jdk1.8.0_181.jdk/Contents/Home/jre/lib/libjava.dylib
0x0000000106892000 	/Library/Java/JavaVirtualMachines/jdk1.8.0_181.jdk/Contents/Home/jre/lib/libjdwp.dylib
0x00000001067c5000 	/Library/Java/JavaVirtualMachines/jdk1.8.0_181.jdk/Contents/Home/jre/lib/libnpt.dylib
0x0000000106847000 	/Library/Java/JavaVirtualMachines/jdk1.8.0_181.jdk/Contents/Home/jre/lib/libinstrument.dylib
0x00000001067ec000 	/Library/Java/JavaVirtualMachines/jdk1.8.0_181.jdk/Contents/Home/jre/lib/libzip.dylib
0x0000000106808000 	/Library/Java/JavaVirtualMachines/jdk1.8.0_181.jdk/Contents/Home/jre/lib/libdt_socket.dylib
0x0000000113d23000 	/Library/Java/JavaVirtualMachines/jdk1.8.0_181.jdk/Contents/Home/jre/lib/libnet.dylib
0x0000000113f4a000 	/Library/Java/JavaVirtualMachines/jdk1.8.0_181.jdk/Contents/Home/jre/lib/libnio.dylib
0x0000000113f82000 	/Library/Java/JavaVirtualMachines/jdk1.8.0_181.jdk/Contents/Home/jre/lib/libsunec.dylib
0x00000001149b8000 	/Library/Java/JavaVirtualMachines/jdk1.8.0_181.jdk/Contents/Home/jre/lib/libmanagement.dylib

VM Arguments:
jvm_args: -agentlib:jdwp=transport=dt_socket,suspend=y,address=localhost:51811 -ea -javaagent:/Users/narasimhanukala/.m2/repository/org/aspectj/aspectjweaver/1.9.5/aspectjweaver-1.9.5.jar -Dfile.encoding=UTF-8 
java_command: org.testng.remote.RemoteTestNG -serport 51810 -protocol json -d /Users/narasimhanukala/Work/TWC/MobileAutomation/Branch/Narasimha/adsqaios-automation/test-output /var/folders/wf/b4f4pvxd2gv9th6csmctxpnr0000gn/T/testng-eclipse-388999949/testng-customsuite.xml
java_class_path (initial): /Applications/Eclipse.app/Contents/Eclipse/configuration/org.eclipse.osgi/434/0/.cp/lib/testng-remote.jar:/Users/narasimhanukala/Work/TWC/MobileAutomation/Branch/Narasimha/adsqaios-automation/target/test-classes:/Users/narasimhanukala/Work/TWC/MobileAutomation/Branch/Narasimha/adsqaios-automation/target/classes:/Users/narasimhanukala/.m2/repository/com/relevantcodes/extentreports/2.10/extentreports-2.10.jar:/Users/narasimhanukala/.m2/repository/org/jsoup/jsoup/1.8.3/jsoup-1.8.3.jar:/Users/narasimhanukala/.m2/repository/org/xerial/sqlite-jdbc/3.8.11.1/sqlite-jdbc-3.8.11.1.jar:/Users/narasimhanukala/.m2/repository/junit/junit/3.8.1/junit-3.8.1.jar:/Users/narasimhanukala/.m2/repository/com/github/autograder/mobile-esp/1.1.2/mobile-esp-1.1.2.jar:/Users/narasimhanukala/.m2/repository/commons-io/commons-io/2.6/commons-io-2.6.jar:/Users/narasimhanukala/.m2/repository/org/testng/testng/6.9.10/testng-6.9.10.jar:/Users/narasimhanukala/.m2/repository/com/beust/jcommander/1.48/jcommander-1.48.jar:/Users/narasimhanukala/.m2/repository/org/beanshell/bsh/2.0b4/bsh-2.0b4.jar:/Users/narasimhanukala/.m2/repository/io/qameta/allure/allure-testng/2.13.1/allure-testng-2.13.1.jar:/Users/narasimhanukala/.m2/repository/io/qameta/allure/allure-java-commons/2.13.1/allure-java-commons-2.13.1.jar:/Users/narasimhanukala/.m2/repository/io/qameta/allure/allure-model/2.13.1/allure-model-2.13.1.jar:/Users/narasimhanukala/.m2/repository/com/fasterxml/jackson/core/jackson-databind/2.9.8/jackson-databind-2.9.8.jar:/Users/narasimhanukala/.m2/repository/com/fasterxml/jackson/core/jackson-annotations/2.9.0/jackson-annotations-2.9.0.jar:/Users/narasimhanukala/.m2/repository/com/fasterxml/jackson/core/jackson-core/2.9.8/jackson-core-2.9.8.jar:/Users/narasimhanukala/.m2/repository/org/apache/tika/tika-core/1.20/tika-core-1.20.jar:/Users/narasimhanukala/.m2/repository/org/jooq/joor-java-8/0.9.10/joor-java-8-0.9.10.jar:/Users/narasimhanukala/.m2/repository/io/appium/java-client/7.
Launcher Type: SUN_STANDARD

Environment Variables:
PATH=/usr/bin:/bin:/usr/sbin:/sbin
SHELL=/bin/bash

Signal Handlers:
SIGSEGV: [libjvm.dylib+0x5b6029], sa_mask[0]=11111111011111110111111111111111, sa_flags=SA_ONSTACK|SA_RESTART|SA_SIGINFO
SIGBUS: [libjvm.dylib+0x5b6029], sa_mask[0]=11111111011111110111111111111111, sa_flags=SA_RESTART|SA_SIGINFO
SIGFPE: [libjvm.dylib+0x48b934], sa_mask[0]=11111111011111110111111111111111, sa_flags=SA_RESTART|SA_SIGINFO
SIGPIPE: [libjvm.dylib+0x48b934], sa_mask[0]=11111111011111110111111111111111, sa_flags=SA_RESTART|SA_SIGINFO
SIGXFSZ: [libjvm.dylib+0x48b934], sa_mask[0]=11111111011111110111111111111111, sa_flags=SA_RESTART|SA_SIGINFO
SIGILL: [libjvm.dylib+0x48b934], sa_mask[0]=11111111011111110111111111111111, sa_flags=SA_RESTART|SA_SIGINFO
SIGUSR1: SIG_DFL, sa_mask[0]=00000000000000000000000000000000, sa_flags=none
SIGUSR2: [libjvm.dylib+0x48b452], sa_mask[0]=00100000000000000000000000000000, sa_flags=SA_RESTART|SA_SIGINFO
SIGHUP: [libjvm.dylib+0x489a1d], sa_mask[0]=11111111011111110111111111111111, sa_flags=SA_RESTART|SA_SIGINFO
SIGINT: [libjvm.dylib+0x489a1d], sa_mask[0]=11111111011111110111111111111111, sa_flags=SA_RESTART|SA_SIGINFO
SIGTERM: [libjvm.dylib+0x489a1d], sa_mask[0]=11111111011111110111111111111111, sa_flags=SA_RESTART|SA_SIGINFO
SIGQUIT: [libjvm.dylib+0x489a1d], sa_mask[0]=11111111011111110111111111111111, sa_flags=SA_RESTART|SA_SIGINFO


---------------  S Y S T E M  ---------------

OS:Bsduname:Darwin 21.4.0 Darwin Kernel Version 21.4.0: Fri Mar 18 00:45:05 PDT 2022; root:xnu-8020.101.4~15/RELEASE_X86_64 x86_64
rlimit: STACK 8192k, CORE 0k, NPROC 2784, NOFILE 10240, AS infinity
load average:2.64 2.60 2.50

CPU:total 12 (initial active 12) (6 cores per cpu, 2 threads per core) family 6 model 158 stepping 10, cmov, cx8, fxsr, mmx, sse, sse2, sse3, ssse3, sse4.1, sse4.2, popcnt, avx, avx2, aes, clmul, erms, rtm, 3dnowpref, lzcnt, ht, tsc, tscinvbit, bmi1, bmi2, adx

Memory: 4k page, physical 16777216k(166604k free)

/proc/meminfo:


vm_info: Java HotSpot(TM) 64-Bit Server VM (25.181-b13) for bsd-amd64 JRE (1.8.0_181-b13), built on Jul  7 2018 01:02:31 by "java_re" with gcc 4.2.1 (Based on Apple Inc. build 5658) (LLVM build 2336.11.00)

time: Tue Jun  7 02:34:32 2022
elapsed time: 202 seconds (0d 0h 3m 22s)

