CFBundleIdentifier, CFBundleVersion, CFBundleDisplayName
com.google.ios.youtubeunplugged, "5.41.1", "YouTube TV"
com.facebook.WebDriverAgentRunner.xctrunner, "1", "WebDriverAgentRunner-Runner"
com.google.ios.youtube, "16.41.2", "YouTube"
com.weather.TWC, "425009", "The Weather Channel"
com.apple.TestFlight, "23", "TestFlight"
com.truesoftware.TrueCallerOther, "11.18.12", "Truecaller"
com.facebook.wda.integrationApp, "1", "IntegrationApp"
com.tinyspeck.chatlyio, "418755", "Slack"
com.experitest.Cyder, "3952", "Cyder"
CFBundleIdentifier, CFBundleVersion, CFBundleDisplayName
com.facebook.WebDriverAgentRunner.xctrunner, "1", "WebDriverAgentRunner-Runner"
com.google.ios.youtubeunplugged, "5.41.1", "YouTube TV"
com.google.ios.youtube, "16.41.2", "YouTube"
com.apple.TestFlight, "23", "TestFlight"
com.truesoftware.TrueCallerOther, "11.18.12", "Truecaller"
com.facebook.wda.integrationApp, "1", "IntegrationApp"
com.tinyspeck.chatlyio, "418755", "Slack"
com.experitest.Cyder, "3952", "Cyder"
CFBundleIdentifier, CFBundleVersion, CFBundleDisplayName
com.weather.TWC, "425015", "The Weather Channel"
com.apple.TestFlight, "23", "TestFlight"
com.facebook.WebDriverAgentRunner.xctrunner, "1", "WebDriverAgentRunner-Runner"
com.experitest.Cyder, "3952", "Cyder"
com.truesoftware.TrueCallerOther, "11.18.12", "Truecaller"
com.facebook.wda.integrationApp, "1", "IntegrationApp"
com.google.ios.youtubeunplugged, "5.44.1", "YouTube TV"
com.google.ios.youtube, "16.44.4", "YouTube"
com.tinyspeck.chatlyio, "419131", "Slack"
CFBundleIdentifier, CFBundleVersion, CFBundleDisplayName
com.narasimha.helloWorld, "1", "hello_world"
com.tinyspeck.chatlyio, "419983", "Slack"
dev.flutter.testingApp, "1", "testing_app"
com.google.ios.youtubeunplugged, "5.50.0", "YouTube TV"
com.apple.TestFlight, "8", "TestFlight"
com.facebook.WebDriverAgentRunner.xctrunner, "1", "WebDriverAgentRunner-Runner"
com.google.ios.youtube, "16.46.5", "YouTube"
com.truesoftware.TrueCallerOther, "11.18.12", "Truecaller"
com.facebook.wda.integrationApp, "1", "IntegrationApp"
com.experitest.Cyder, "3952", "Cyder"
com.example.flagship, "1", "flagship"
CFBundleIdentifier, CFBundleVersion, CFBundleDisplayName
com.narasimha.helloWorld, "1", "hello_world"
com.tinyspeck.chatlyio, "419983", "Slack"
dev.flutter.testingApp, "1", "testing_app"
com.google.ios.youtubeunplugged, "5.50.0", "YouTube TV"
com.apple.TestFlight, "8", "TestFlight"
com.facebook.WebDriverAgentRunner.xctrunner, "1", "WebDriverAgentRunner-Runner"
com.google.ios.youtube, "16.46.5", "YouTube"
com.truesoftware.TrueCallerOther, "11.18.12", "Truecaller"
com.facebook.wda.integrationApp, "1", "IntegrationApp"
com.experitest.Cyder, "3952", "Cyder"
com.example.flagship, "1", "flagship"
CFBundleIdentifier, CFBundleVersion, CFBundleDisplayName
com.narasimha.helloWorld, "1", "hello_world"
com.tinyspeck.chatlyio, "419983", "Slack"
dev.flutter.testingApp, "1", "testing_app"
com.google.ios.youtubeunplugged, "5.50.0", "YouTube TV"
com.apple.TestFlight, "8", "TestFlight"
com.facebook.WebDriverAgentRunner.xctrunner, "1", "WebDriverAgentRunner-Runner"
com.google.ios.youtube, "16.46.5", "YouTube"
com.truesoftware.TrueCallerOther, "11.18.12", "Truecaller"
com.facebook.wda.integrationApp, "1", "IntegrationApp"
com.experitest.Cyder, "3952", "Cyder"
com.example.flagship, "1", "flagship"
CFBundleIdentifier, CFBundleVersion, CFBundleDisplayName
com.narasimha.helloWorld, "1", "hello_world"
com.tinyspeck.chatlyio, "419983", "Slack"
dev.flutter.testingApp, "1", "testing_app"
com.google.ios.youtubeunplugged, "5.50.0", "YouTube TV"
com.apple.TestFlight, "8", "TestFlight"
com.facebook.WebDriverAgentRunner.xctrunner, "1", "WebDriverAgentRunner-Runner"
com.google.ios.youtube, "16.46.5", "YouTube"
com.truesoftware.TrueCallerOther, "11.18.12", "Truecaller"
com.facebook.wda.integrationApp, "1", "IntegrationApp"
com.experitest.Cyder, "3952", "Cyder"
com.example.flagship, "1", "flagship"
CFBundleIdentifier, CFBundleVersion, CFBundleDisplayName
com.narasimha.helloWorld, "1", "hello_world"
com.tinyspeck.chatlyio, "419983", "Slack"
dev.flutter.testingApp, "1", "testing_app"
com.google.ios.youtubeunplugged, "5.50.0", "YouTube TV"
com.weather.TWC, "425026", "The Weather Channel"
com.apple.TestFlight, "8", "TestFlight"
com.facebook.WebDriverAgentRunner.xctrunner, "1", "WebDriverAgentRunner-Runner"
com.google.ios.youtube, "16.46.5", "YouTube"
com.truesoftware.TrueCallerOther, "11.18.12", "Truecaller"
com.facebook.wda.integrationApp, "1", "IntegrationApp"
com.experitest.Cyder, "3952", "Cyder"
com.example.flagship, "1", "flagship"
CFBundleIdentifier, CFBundleVersion, CFBundleDisplayName
com.narasimha.helloWorld, "1", "hello_world"
com.tinyspeck.chatlyio, "419983", "Slack"
dev.flutter.testingApp, "1", "testing_app"
com.google.ios.youtubeunplugged, "5.50.0", "YouTube TV"
com.apple.TestFlight, "8", "TestFlight"
com.google.ios.youtube, "16.46.5", "YouTube"
com.truesoftware.TrueCallerOther, "11.18.12", "Truecaller"
com.facebook.wda.integrationApp, "1", "IntegrationApp"
com.experitest.Cyder, "3952", "Cyder"
com.facebook.WebDriverAgentRunner.xctrunner, "1", "WebDriverAgentRunner-Runner"
com.example.flagship, "1", "flagship"
CFBundleIdentifier, CFBundleVersion, CFBundleDisplayName
com.narasimha.helloWorld, "1", "hello_world"
com.facebook.WebDriverAgentRunner.xctrunner, "1", "WebDriverAgentRunner-Runner"
com.tinyspeck.chatlyio, "419983", "Slack"
dev.flutter.testingApp, "1", "testing_app"
com.google.ios.youtubeunplugged, "5.50.0", "YouTube TV"
com.apple.TestFlight, "8", "TestFlight"
com.google.ios.youtube, "16.46.5", "YouTube"
com.truesoftware.TrueCallerOther, "11.18.12", "Truecaller"
com.facebook.wda.integrationApp, "1", "IntegrationApp"
com.experitest.Cyder, "3952", "Cyder"
com.example.flagship, "1", "flagship"
CFBundleIdentifier, CFBundleVersion, CFBundleDisplayName
com.narasimha.helloWorld, "1", "hello_world"
com.tinyspeck.chatlyio, "419983", "Slack"
dev.flutter.testingApp, "1", "testing_app"
com.google.ios.youtubeunplugged, "5.50.0", "YouTube TV"
com.apple.TestFlight, "8", "TestFlight"
com.google.ios.youtube, "16.46.5", "YouTube"
com.truesoftware.TrueCallerOther, "11.18.12", "Truecaller"
com.facebook.wda.integrationApp, "1", "IntegrationApp"
com.experitest.Cyder, "3952", "Cyder"
com.facebook.WebDriverAgentRunner.xctrunner, "1", "WebDriverAgentRunner-Runner"
com.example.flagship, "1", "flagship"
CFBundleIdentifier, CFBundleVersion, CFBundleDisplayName
com.narasimha.helloWorld, "1", "hello_world"
com.tinyspeck.chatlyio, "419983", "Slack"
dev.flutter.testingApp, "1", "testing_app"
com.google.ios.youtubeunplugged, "5.50.0", "YouTube TV"
com.apple.TestFlight, "8", "TestFlight"
com.google.ios.youtube, "16.46.5", "YouTube"
com.truesoftware.TrueCallerOther, "11.18.12", "Truecaller"
com.facebook.wda.integrationApp, "1", "IntegrationApp"
com.experitest.Cyder, "3952", "Cyder"
com.example.flagship, "1", "flagship"
CFBundleIdentifier, CFBundleVersion, CFBundleDisplayName
com.narasimha.helloWorld, "1", "hello_world"
com.tinyspeck.chatlyio, "419983", "Slack"
dev.flutter.testingApp, "1", "testing_app"
com.google.ios.youtubeunplugged, "5.50.0", "YouTube TV"
com.apple.TestFlight, "8", "TestFlight"
com.google.ios.youtube, "16.46.5", "YouTube"
com.truesoftware.TrueCallerOther, "11.18.12", "Truecaller"
com.facebook.wda.integrationApp, "1", "IntegrationApp"
com.facebook.WebDriverAgentRunner.xctrunner, "1", "WebDriverAgentRunner-Runner"
com.experitest.Cyder, "3952", "Cyder"
com.example.flagship, "1", "flagship"
CFBundleIdentifier, CFBundleVersion, CFBundleDisplayName
com.narasimha.helloWorld, "1", "hello_world"
com.tinyspeck.chatlyio, "419983", "Slack"
dev.flutter.testingApp, "1", "testing_app"
com.google.ios.youtubeunplugged, "5.50.0", "YouTube TV"
com.apple.TestFlight, "8", "TestFlight"
com.google.ios.youtube, "16.46.5", "YouTube"
com.truesoftware.TrueCallerOther, "11.18.12", "Truecaller"
com.facebook.wda.integrationApp, "1", "IntegrationApp"
com.experitest.Cyder, "3952", "Cyder"
com.example.flagship, "1", "flagship"
CFBundleIdentifier, CFBundleVersion, CFBundleDisplayName
com.narasimha.helloWorld, "1", "hello_world"
com.tinyspeck.chatlyio, "419983", "Slack"
dev.flutter.testingApp, "1", "testing_app"
com.google.ios.youtubeunplugged, "5.50.0", "YouTube TV"
com.apple.TestFlight, "8", "TestFlight"
com.google.ios.youtube, "16.46.5", "YouTube"
com.truesoftware.TrueCallerOther, "11.18.12", "Truecaller"
com.facebook.wda.integrationApp, "1", "IntegrationApp"
com.experitest.Cyder, "3952", "Cyder"
com.example.flagship, "1", "flagship"
CFBundleIdentifier, CFBundleVersion, CFBundleDisplayName
com.narasimha.helloWorld, "1", "hello_world"
com.tinyspeck.chatlyio, "419983", "Slack"
dev.flutter.testingApp, "1", "testing_app"
com.google.ios.youtubeunplugged, "5.50.0", "YouTube TV"
com.apple.TestFlight, "8", "TestFlight"
com.google.ios.youtube, "16.46.5", "YouTube"
com.truesoftware.TrueCallerOther, "11.18.12", "Truecaller"
com.facebook.wda.integrationApp, "1", "IntegrationApp"
com.experitest.Cyder, "3952", "Cyder"
com.facebook.WebDriverAgentRunner.xctrunner, "1", "WebDriverAgentRunner-Runner"
com.example.flagship, "1", "flagship"
CFBundleIdentifier, CFBundleVersion, CFBundleDisplayName
com.narasimha.helloWorld, "1", "hello_world"
com.tinyspeck.chatlyio, "419983", "Slack"
dev.flutter.testingApp, "1", "testing_app"
com.google.ios.youtubeunplugged, "5.50.0", "YouTube TV"
com.apple.TestFlight, "8", "TestFlight"
com.google.ios.youtube, "16.46.5", "YouTube"
com.truesoftware.TrueCallerOther, "11.18.12", "Truecaller"
com.facebook.WebDriverAgentRunner.xctrunner, "1", "WebDriverAgentRunner-Runner"
com.facebook.wda.integrationApp, "1", "IntegrationApp"
com.experitest.Cyder, "3952", "Cyder"
com.example.flagship, "1", "flagship"
CFBundleIdentifier, CFBundleVersion, CFBundleDisplayName
com.narasimha.helloWorld, "1", "hello_world"
com.tinyspeck.chatlyio, "419983", "Slack"
dev.flutter.testingApp, "1", "testing_app"
com.google.ios.youtubeunplugged, "5.50.0", "YouTube TV"
com.apple.TestFlight, "8", "TestFlight"
com.google.ios.youtube, "16.46.5", "YouTube"
com.truesoftware.TrueCallerOther, "11.18.12", "Truecaller"
com.facebook.wda.integrationApp, "1", "IntegrationApp"
com.facebook.WebDriverAgentRunner.xctrunner, "1", "WebDriverAgentRunner-Runner"
com.experitest.Cyder, "3952", "Cyder"
com.example.flagship, "1", "flagship"
CFBundleIdentifier, CFBundleVersion, CFBundleDisplayName
com.narasimha.helloWorld, "1", "hello_world"
com.tinyspeck.chatlyio, "419983", "Slack"
dev.flutter.testingApp, "1", "testing_app"
com.google.ios.youtubeunplugged, "5.50.0", "YouTube TV"
com.apple.TestFlight, "8", "TestFlight"
com.facebook.WebDriverAgentRunner.xctrunner, "1", "WebDriverAgentRunner-Runner"
com.google.ios.youtube, "16.46.5", "YouTube"
com.truesoftware.TrueCallerOther, "11.18.12", "Truecaller"
com.facebook.wda.integrationApp, "1", "IntegrationApp"
com.experitest.Cyder, "3952", "Cyder"
com.example.flagship, "1", "flagship"
CFBundleIdentifier, CFBundleVersion, CFBundleDisplayName
com.narasimha.helloWorld, "1", "hello_world"
com.tinyspeck.chatlyio, "419983", "Slack"
dev.flutter.testingApp, "1", "testing_app"
com.google.ios.youtubeunplugged, "5.50.0", "YouTube TV"
com.apple.TestFlight, "8", "TestFlight"
com.weather.TWC, "425026", "The Weather Channel"
com.facebook.WebDriverAgentRunner.xctrunner, "1", "WebDriverAgentRunner-Runner"
com.google.ios.youtube, "16.46.5", "YouTube"
com.truesoftware.TrueCallerOther, "11.18.12", "Truecaller"
com.facebook.wda.integrationApp, "1", "IntegrationApp"
com.experitest.Cyder, "3952", "Cyder"
com.example.flagship, "1", "flagship"
CFBundleIdentifier, CFBundleVersion, CFBundleDisplayName
com.narasimha.helloWorld, "1", "hello_world"
com.tinyspeck.chatlyio, "419983", "Slack"
dev.flutter.testingApp, "1", "testing_app"
com.weather.TWC, "425026", "The Weather Channel"
com.google.ios.youtubeunplugged, "5.50.0", "YouTube TV"
com.apple.TestFlight, "8", "TestFlight"
com.google.ios.youtube, "16.46.5", "YouTube"
com.truesoftware.TrueCallerOther, "11.18.12", "Truecaller"
com.facebook.wda.integrationApp, "1", "IntegrationApp"
com.experitest.Cyder, "3952", "Cyder"
com.example.flagship, "1", "flagship"
CFBundleIdentifier, CFBundleVersion, CFBundleDisplayName
com.narasimha.helloWorld, "1", "hello_world"
com.tinyspeck.chatlyio, "419983", "Slack"
dev.flutter.testingApp, "1", "testing_app"
com.google.ios.youtubeunplugged, "5.50.0", "YouTube TV"
com.apple.TestFlight, "8", "TestFlight"
com.google.ios.youtube, "16.46.5", "YouTube"
com.truesoftware.TrueCallerOther, "11.18.12", "Truecaller"
com.facebook.wda.integrationApp, "1", "IntegrationApp"
com.facebook.WebDriverAgentRunner.xctrunner, "1", "WebDriverAgentRunner-Runner"
com.experitest.Cyder, "3952", "Cyder"
com.example.flagship, "1", "flagship"
CFBundleIdentifier, CFBundleVersion, CFBundleDisplayName
com.narasimha.helloWorld, "1", "hello_world"
com.tinyspeck.chatlyio, "419983", "Slack"
dev.flutter.testingApp, "1", "testing_app"
com.google.ios.youtubeunplugged, "5.50.0", "YouTube TV"
com.apple.TestFlight, "8", "TestFlight"
com.facebook.WebDriverAgentRunner.xctrunner, "1", "WebDriverAgentRunner-Runner"
com.google.ios.youtube, "16.46.5", "YouTube"
com.truesoftware.TrueCallerOther, "11.18.12", "Truecaller"
com.facebook.wda.integrationApp, "1", "IntegrationApp"
com.experitest.Cyder, "3952", "Cyder"
com.example.flagship, "1", "flagship"
CFBundleIdentifier, CFBundleVersion, CFBundleDisplayName
com.narasimha.helloWorld, "1", "hello_world"
com.tinyspeck.chatlyio, "419983", "Slack"
dev.flutter.testingApp, "1", "testing_app"
com.google.ios.youtubeunplugged, "5.50.0", "YouTube TV"
com.apple.TestFlight, "8", "TestFlight"
com.google.ios.youtube, "16.46.5", "YouTube"
com.truesoftware.TrueCallerOther, "11.18.12", "Truecaller"
com.facebook.wda.integrationApp, "1", "IntegrationApp"
com.experitest.Cyder, "3952", "Cyder"
com.example.flagship, "1", "flagship"
com.facebook.WebDriverAgentRunner.xctrunner, "1", "WebDriverAgentRunner-Runner"
CFBundleIdentifier, CFBundleVersion, CFBundleDisplayName
com.narasimha.helloWorld, "1", "hello_world"
com.tinyspeck.chatlyio, "419983", "Slack"
dev.flutter.testingApp, "1", "testing_app"
com.google.ios.youtubeunplugged, "5.50.0", "YouTube TV"
com.apple.TestFlight, "8", "TestFlight"
com.google.ios.youtube, "16.46.5", "YouTube"
com.truesoftware.TrueCallerOther, "11.18.12", "Truecaller"
com.facebook.wda.integrationApp, "1", "IntegrationApp"
com.facebook.WebDriverAgentRunner.xctrunner, "1", "WebDriverAgentRunner-Runner"
com.experitest.Cyder, "3952", "Cyder"
com.example.flagship, "1", "flagship"
CFBundleIdentifier, CFBundleVersion, CFBundleDisplayName
com.narasimha.helloWorld, "1", "hello_world"
com.tinyspeck.chatlyio, "419983", "Slack"
dev.flutter.testingApp, "1", "testing_app"
com.google.ios.youtubeunplugged, "5.50.0", "YouTube TV"
com.apple.TestFlight, "8", "TestFlight"
com.weather.TWC, "425026", "The Weather Channel"
com.google.ios.youtube, "16.46.5", "YouTube"
com.truesoftware.TrueCallerOther, "11.18.12", "Truecaller"
com.facebook.wda.integrationApp, "1", "IntegrationApp"
com.facebook.WebDriverAgentRunner.xctrunner, "1", "WebDriverAgentRunner-Runner"
com.experitest.Cyder, "3952", "Cyder"
com.example.flagship, "1", "flagship"
CFBundleIdentifier, CFBundleVersion, CFBundleDisplayName
com.narasimha.helloWorld, "1", "hello_world"
com.tinyspeck.chatlyio, "419983", "Slack"
com.weather.TWC, "425026", "The Weather Channel"
dev.flutter.testingApp, "1", "testing_app"
com.google.ios.youtubeunplugged, "5.50.0", "YouTube TV"
com.apple.TestFlight, "8", "TestFlight"
com.facebook.WebDriverAgentRunner.xctrunner, "1", "WebDriverAgentRunner-Runner"
com.google.ios.youtube, "16.46.5", "YouTube"
com.truesoftware.TrueCallerOther, "11.18.12", "Truecaller"
com.facebook.wda.integrationApp, "1", "IntegrationApp"
com.experitest.Cyder, "3952", "Cyder"
com.example.flagship, "1", "flagship"
CFBundleIdentifier, CFBundleVersion, CFBundleDisplayName
com.narasimha.helloWorld, "1", "hello_world"
com.tinyspeck.chatlyio, "419983", "Slack"
dev.flutter.testingApp, "1", "testing_app"
com.google.ios.youtubeunplugged, "5.50.0", "YouTube TV"
com.apple.TestFlight, "8", "TestFlight"
com.google.ios.youtube, "16.46.5", "YouTube"
com.truesoftware.TrueCallerOther, "11.18.12", "Truecaller"
com.facebook.wda.integrationApp, "1", "IntegrationApp"
com.facebook.WebDriverAgentRunner.xctrunner, "1", "WebDriverAgentRunner-Runner"
com.experitest.Cyder, "3952", "Cyder"
com.example.flagship, "1", "flagship"
CFBundleIdentifier, CFBundleVersion, CFBundleDisplayName
com.narasimha.helloWorld, "1", "hello_world"
com.tinyspeck.chatlyio, "419983", "Slack"
dev.flutter.testingApp, "1", "testing_app"
com.google.ios.youtubeunplugged, "5.50.0", "YouTube TV"
com.truesoftware.TrueCallerOther, "11.18.12", "Truecaller"
com.apple.TestFlight, "8", "TestFlight"
com.weather.TWC, "425026", "The Weather Channel"
com.facebook.WebDriverAgentRunner.xctrunner, "1", "WebDriverAgentRunner-Runner"
com.google.ios.youtube, "16.46.5", "YouTube"
com.facebook.wda.integrationApp, "1", "IntegrationApp"
com.experitest.Cyder, "3952", "Cyder"
com.example.flagship, "1", "flagship"
CFBundleIdentifier, CFBundleVersion, CFBundleDisplayName
com.narasimha.helloWorld, "1", "hello_world"
com.facebook.WebDriverAgentRunner.xctrunner, "1", "WebDriverAgentRunner-Runner"
com.tinyspeck.chatlyio, "419983", "Slack"
dev.flutter.testingApp, "1", "testing_app"
com.google.ios.youtubeunplugged, "5.50.0", "YouTube TV"
com.apple.TestFlight, "8", "TestFlight"
com.google.ios.youtube, "16.46.5", "YouTube"
com.truesoftware.TrueCallerOther, "11.18.12", "Truecaller"
com.facebook.wda.integrationApp, "1", "IntegrationApp"
com.weather.TWC, "425026", "The Weather Channel"
com.experitest.Cyder, "3952", "Cyder"
com.example.flagship, "1", "flagship"
CFBundleIdentifier, CFBundleVersion, CFBundleDisplayName
com.narasimha.helloWorld, "1", "hello_world"
com.tinyspeck.chatlyio, "419983", "Slack"
dev.flutter.testingApp, "1", "testing_app"
com.google.ios.youtubeunplugged, "5.50.0", "YouTube TV"
com.apple.TestFlight, "8", "TestFlight"
com.google.ios.youtube, "16.46.5", "YouTube"
com.truesoftware.TrueCallerOther, "11.18.12", "Truecaller"
com.facebook.wda.integrationApp, "1", "IntegrationApp"
com.facebook.WebDriverAgentRunner.xctrunner, "1", "WebDriverAgentRunner-Runner"
com.experitest.Cyder, "3952", "Cyder"
com.example.flagship, "1", "flagship"
CFBundleIdentifier, CFBundleVersion, CFBundleDisplayName
com.narasimha.helloWorld, "1", "hello_world"
com.tinyspeck.chatlyio, "419983", "Slack"
dev.flutter.testingApp, "1", "testing_app"
com.google.ios.youtubeunplugged, "5.50.0", "YouTube TV"
com.apple.TestFlight, "8", "TestFlight"
com.google.ios.youtube, "16.46.5", "YouTube"
com.truesoftware.TrueCallerOther, "11.18.12", "Truecaller"
com.facebook.wda.integrationApp, "1", "IntegrationApp"
com.facebook.WebDriverAgentRunner.xctrunner, "1", "WebDriverAgentRunner-Runner"
com.experitest.Cyder, "3952", "Cyder"
com.example.flagship, "1", "flagship"
CFBundleIdentifier, CFBundleVersion, CFBundleDisplayName
com.narasimha.helloWorld, "1", "hello_world"
com.tinyspeck.chatlyio, "419983", "Slack"
dev.flutter.testingApp, "1", "testing_app"
com.google.ios.youtubeunplugged, "5.50.0", "YouTube TV"
com.apple.TestFlight, "8", "TestFlight"
com.weather.TWC, "425026", "The Weather Channel"
com.google.ios.youtube, "16.46.5", "YouTube"
com.truesoftware.TrueCallerOther, "11.18.12", "Truecaller"
com.facebook.wda.integrationApp, "1", "IntegrationApp"
com.experitest.Cyder, "3952", "Cyder"
com.example.flagship, "1", "flagship"
CFBundleIdentifier, CFBundleVersion, CFBundleDisplayName
com.narasimha.helloWorld, "1", "hello_world"
com.tinyspeck.chatlyio, "419983", "Slack"
dev.flutter.testingApp, "1", "testing_app"
com.google.ios.youtubeunplugged, "5.50.0", "YouTube TV"
com.apple.TestFlight, "8", "TestFlight"
com.facebook.WebDriverAgentRunner.xctrunner, "1", "WebDriverAgentRunner-Runner"
com.google.ios.youtube, "16.46.5", "YouTube"
com.truesoftware.TrueCallerOther, "11.18.12", "Truecaller"
com.facebook.wda.integrationApp, "1", "IntegrationApp"
com.experitest.Cyder, "3952", "Cyder"
com.example.flagship, "1", "flagship"
CFBundleIdentifier, CFBundleVersion, CFBundleDisplayName
com.narasimha.helloWorld, "1", "hello_world"
com.tinyspeck.chatlyio, "419983", "Slack"
dev.flutter.testingApp, "1", "testing_app"
com.google.ios.youtubeunplugged, "5.50.0", "YouTube TV"
com.facebook.WebDriverAgentRunner.xctrunner, "1", "WebDriverAgentRunner-Runner"
com.apple.TestFlight, "8", "TestFlight"
com.google.ios.youtube, "16.46.5", "YouTube"
com.truesoftware.TrueCallerOther, "11.18.12", "Truecaller"
com.facebook.wda.integrationApp, "1", "IntegrationApp"
com.experitest.Cyder, "3952", "Cyder"
com.example.flagship, "1", "flagship"
CFBundleIdentifier, CFBundleVersion, CFBundleDisplayName
com.narasimha.helloWorld, "1", "hello_world"
com.tinyspeck.chatlyio, "419983", "Slack"
dev.flutter.testingApp, "1", "testing_app"
com.google.ios.youtubeunplugged, "5.50.0", "YouTube TV"
com.apple.TestFlight, "8", "TestFlight"
com.facebook.WebDriverAgentRunner.xctrunner, "1", "WebDriverAgentRunner-Runner"
com.google.ios.youtube, "16.46.5", "YouTube"
com.truesoftware.TrueCallerOther, "11.18.12", "Truecaller"
com.facebook.wda.integrationApp, "1", "IntegrationApp"
com.experitest.Cyder, "3952", "Cyder"
com.example.flagship, "1", "flagship"
CFBundleIdentifier, CFBundleVersion, CFBundleDisplayName
com.narasimha.helloWorld, "1", "hello_world"
com.tinyspeck.chatlyio, "419983", "Slack"
dev.flutter.testingApp, "1", "testing_app"
com.google.ios.youtubeunplugged, "5.50.0", "YouTube TV"
com.facebook.WebDriverAgentRunner.xctrunner, "1", "WebDriverAgentRunner-Runner"
com.apple.TestFlight, "8", "TestFlight"
com.google.ios.youtube, "16.46.5", "YouTube"
com.truesoftware.TrueCallerOther, "11.18.12", "Truecaller"
com.facebook.wda.integrationApp, "1", "IntegrationApp"
com.experitest.Cyder, "3952", "Cyder"
com.example.flagship, "1", "flagship"
CFBundleIdentifier, CFBundleVersion, CFBundleDisplayName
com.narasimha.helloWorld, "1", "hello_world"
com.tinyspeck.chatlyio, "419983", "Slack"
dev.flutter.testingApp, "1", "testing_app"
com.google.ios.youtubeunplugged, "5.50.0", "YouTube TV"
com.apple.TestFlight, "8", "TestFlight"
com.google.ios.youtube, "16.46.5", "YouTube"
com.truesoftware.TrueCallerOther, "11.18.12", "Truecaller"
com.facebook.wda.integrationApp, "1", "IntegrationApp"
com.experitest.Cyder, "3952", "Cyder"
com.facebook.WebDriverAgentRunner.xctrunner, "1", "WebDriverAgentRunner-Runner"
com.example.flagship, "1", "flagship"
CFBundleIdentifier, CFBundleVersion, CFBundleDisplayName
com.tinyspeck.chatlyio, "419983", "Slack"
dev.flutter.testingApp, "1", "testing_app"
com.narasimha.helloWorld, "1", "hello_world"
com.facebook.WebDriverAgentRunner.xctrunner, "1", "WebDriverAgentRunner-Runner"
com.google.ios.youtubeunplugged, "5.50.0", "YouTube TV"
com.apple.TestFlight, "8", "TestFlight"
com.google.ios.youtube, "16.46.5", "YouTube"
com.truesoftware.TrueCallerOther, "11.18.12", "Truecaller"
com.facebook.wda.integrationApp, "1", "IntegrationApp"
com.experitest.Cyder, "3952", "Cyder"
com.example.flagship, "1", "flagship"
CFBundleIdentifier, CFBundleVersion, CFBundleDisplayName
com.narasimha.helloWorld, "1", "hello_world"
com.tinyspeck.chatlyio, "419983", "Slack"
com.weather.TWC, "425026", "The Weather Channel"
dev.flutter.testingApp, "1", "testing_app"
com.facebook.WebDriverAgentRunner.xctrunner, "1", "WebDriverAgentRunner-Runner"
com.google.ios.youtubeunplugged, "5.50.0", "YouTube TV"
com.apple.TestFlight, "8", "TestFlight"
com.google.ios.youtube, "16.46.5", "YouTube"
com.truesoftware.TrueCallerOther, "11.18.12", "Truecaller"
com.facebook.wda.integrationApp, "1", "IntegrationApp"
com.experitest.Cyder, "3952", "Cyder"
com.example.flagship, "1", "flagship"
CFBundleIdentifier, CFBundleVersion, CFBundleDisplayName
com.narasimha.helloWorld, "1", "hello_world"
com.tinyspeck.chatlyio, "419983", "Slack"
dev.flutter.testingApp, "1", "testing_app"
com.google.ios.youtubeunplugged, "5.50.0", "YouTube TV"
com.apple.TestFlight, "8", "TestFlight"
com.google.ios.youtube, "16.46.5", "YouTube"
com.facebook.WebDriverAgentRunner.xctrunner, "1", "WebDriverAgentRunner-Runner"
com.truesoftware.TrueCallerOther, "11.18.12", "Truecaller"
com.facebook.wda.integrationApp, "1", "IntegrationApp"
com.experitest.Cyder, "3952", "Cyder"
com.example.flagship, "1", "flagship"
CFBundleIdentifier, CFBundleVersion, CFBundleDisplayName
com.narasimha.helloWorld, "1", "hello_world"
com.tinyspeck.chatlyio, "419983", "Slack"
dev.flutter.testingApp, "1", "testing_app"
com.google.ios.youtubeunplugged, "5.50.0", "YouTube TV"
com.apple.TestFlight, "8", "TestFlight"
com.facebook.WebDriverAgentRunner.xctrunner, "1", "WebDriverAgentRunner-Runner"
com.google.ios.youtube, "16.46.5", "YouTube"
com.truesoftware.TrueCallerOther, "11.18.12", "Truecaller"
com.facebook.wda.integrationApp, "1", "IntegrationApp"
com.experitest.Cyder, "3952", "Cyder"
com.example.flagship, "1", "flagship"
CFBundleIdentifier, CFBundleVersion, CFBundleDisplayName
com.narasimha.helloWorld, "1", "hello_world"
com.tinyspeck.chatlyio, "419983", "Slack"
dev.flutter.testingApp, "1", "testing_app"
com.google.ios.youtubeunplugged, "5.50.0", "YouTube TV"
com.apple.TestFlight, "8", "TestFlight"
com.google.ios.youtube, "16.46.5", "YouTube"
com.truesoftware.TrueCallerOther, "11.18.12", "Truecaller"
com.facebook.wda.integrationApp, "1", "IntegrationApp"
com.experitest.Cyder, "3952", "Cyder"
com.example.flagship, "1", "flagship"
CFBundleIdentifier, CFBundleVersion, CFBundleDisplayName
com.narasimha.helloWorld, "1", "hello_world"
com.tinyspeck.chatlyio, "419983", "Slack"
dev.flutter.testingApp, "1", "testing_app"
com.google.ios.youtubeunplugged, "5.50.0", "YouTube TV"
com.apple.TestFlight, "8", "TestFlight"
com.facebook.WebDriverAgentRunner.xctrunner, "1", "WebDriverAgentRunner-Runner"
com.google.ios.youtube, "16.46.5", "YouTube"
com.truesoftware.TrueCallerOther, "11.18.12", "Truecaller"
com.facebook.wda.integrationApp, "1", "IntegrationApp"
com.experitest.Cyder, "3952", "Cyder"
com.example.flagship, "1", "flagship"
CFBundleIdentifier, CFBundleVersion, CFBundleDisplayName
com.narasimha.helloWorld, "1", "hello_world"
com.tinyspeck.chatlyio, "419983", "Slack"
dev.flutter.testingApp, "1", "testing_app"
com.google.ios.youtubeunplugged, "5.50.0", "YouTube TV"
com.apple.TestFlight, "8", "TestFlight"
com.facebook.WebDriverAgentRunner.xctrunner, "1", "WebDriverAgentRunner-Runner"
com.google.ios.youtube, "16.46.5", "YouTube"
com.truesoftware.TrueCallerOther, "11.18.12", "Truecaller"
com.facebook.wda.integrationApp, "1", "IntegrationApp"
com.experitest.Cyder, "3952", "Cyder"
com.example.flagship, "1", "flagship"
CFBundleIdentifier, CFBundleVersion, CFBundleDisplayName
com.narasimha.helloWorld, "1", "hello_world"
com.tinyspeck.chatlyio, "419983", "Slack"
dev.flutter.testingApp, "1", "testing_app"
com.google.ios.youtubeunplugged, "5.50.0", "YouTube TV"
com.apple.TestFlight, "8", "TestFlight"
com.google.ios.youtube, "16.46.5", "YouTube"
com.truesoftware.TrueCallerOther, "11.18.12", "Truecaller"
com.facebook.wda.integrationApp, "1", "IntegrationApp"
com.experitest.Cyder, "3952", "Cyder"
com.facebook.WebDriverAgentRunner.xctrunner, "1", "WebDriverAgentRunner-Runner"
com.example.flagship, "1", "flagship"
CFBundleIdentifier, CFBundleVersion, CFBundleDisplayName
com.narasimha.helloWorld, "1", "hello_world"
com.tinyspeck.chatlyio, "419983", "Slack"
dev.flutter.testingApp, "1", "testing_app"
com.google.ios.youtubeunplugged, "5.50.0", "YouTube TV"
com.truesoftware.TrueCallerOther, "11.18.12", "Truecaller"
com.facebook.WebDriverAgentRunner.xctrunner, "1", "WebDriverAgentRunner-Runner"
com.apple.TestFlight, "8", "TestFlight"
com.weather.TWC, "425026", "The Weather Channel"
com.google.ios.youtube, "16.46.5", "YouTube"
com.facebook.wda.integrationApp, "1", "IntegrationApp"
com.experitest.Cyder, "3952", "Cyder"
com.example.flagship, "1", "flagship"
CFBundleIdentifier, CFBundleVersion, CFBundleDisplayName
com.narasimha.helloWorld, "1", "hello_world"
com.tinyspeck.chatlyio, "419983", "Slack"
dev.flutter.testingApp, "1", "testing_app"
com.facebook.WebDriverAgentRunner.xctrunner, "1", "WebDriverAgentRunner-Runner"
com.google.ios.youtubeunplugged, "5.50.0", "YouTube TV"
com.apple.TestFlight, "8", "TestFlight"
com.google.ios.youtube, "16.46.5", "YouTube"
com.truesoftware.TrueCallerOther, "11.18.12", "Truecaller"
com.facebook.wda.integrationApp, "1", "IntegrationApp"
com.weather.TWC, "425026", "The Weather Channel"
com.experitest.Cyder, "3952", "Cyder"
com.example.flagship, "1", "flagship"
CFBundleIdentifier, CFBundleVersion, CFBundleDisplayName
com.narasimha.helloWorld, "1", "hello_world"
com.tinyspeck.chatlyio, "419983", "Slack"
dev.flutter.testingApp, "1", "testing_app"
com.google.ios.youtubeunplugged, "5.50.0", "YouTube TV"
com.apple.TestFlight, "8", "TestFlight"
com.google.ios.youtube, "16.46.5", "YouTube"
com.truesoftware.TrueCallerOther, "11.18.12", "Truecaller"
com.facebook.wda.integrationApp, "1", "IntegrationApp"
com.facebook.WebDriverAgentRunner.xctrunner, "1", "WebDriverAgentRunner-Runner"
com.experitest.Cyder, "3952", "Cyder"
com.example.flagship, "1", "flagship"
CFBundleIdentifier, CFBundleVersion, CFBundleDisplayName
com.narasimha.helloWorld, "1", "hello_world"
com.tinyspeck.chatlyio, "419983", "Slack"
dev.flutter.testingApp, "1", "testing_app"
com.google.ios.youtubeunplugged, "5.50.0", "YouTube TV"
com.apple.TestFlight, "8", "TestFlight"
com.google.ios.youtube, "16.46.5", "YouTube"
com.truesoftware.TrueCallerOther, "11.18.12", "Truecaller"
com.experitest.Cyder, "3952", "Cyder"
com.facebook.WebDriverAgentRunner.xctrunner, "1", "WebDriverAgentRunner-Runner"
com.facebook.wda.integrationApp, "1", "IntegrationApp"
com.example.flagship, "1", "flagship"
CFBundleIdentifier, CFBundleVersion, CFBundleDisplayName
com.narasimha.helloWorld, "1", "hello_world"
com.tinyspeck.chatlyio, "419983", "Slack"
dev.flutter.testingApp, "1", "testing_app"
com.google.ios.youtubeunplugged, "5.50.0", "YouTube TV"
com.apple.TestFlight, "8", "TestFlight"
com.facebook.WebDriverAgentRunner.xctrunner, "1", "WebDriverAgentRunner-Runner"
com.google.ios.youtube, "16.46.5", "YouTube"
com.truesoftware.TrueCallerOther, "11.18.12", "Truecaller"
com.facebook.wda.integrationApp, "1", "IntegrationApp"
com.experitest.Cyder, "3952", "Cyder"
com.example.flagship, "1", "flagship"
CFBundleIdentifier, CFBundleVersion, CFBundleDisplayName
com.narasimha.helloWorld, "1", "hello_world"
com.tinyspeck.chatlyio, "419983", "Slack"
dev.flutter.testingApp, "1", "testing_app"
com.google.ios.youtubeunplugged, "5.50.0", "YouTube TV"
com.apple.TestFlight, "8", "TestFlight"
com.facebook.WebDriverAgentRunner.xctrunner, "1", "WebDriverAgentRunner-Runner"
com.google.ios.youtube, "16.46.5", "YouTube"
com.truesoftware.TrueCallerOther, "11.18.12", "Truecaller"
com.facebook.wda.integrationApp, "1", "IntegrationApp"
com.experitest.Cyder, "3952", "Cyder"
com.example.flagship, "1", "flagship"
CFBundleIdentifier, CFBundleVersion, CFBundleDisplayName
com.narasimha.helloWorld, "1", "hello_world"
com.tinyspeck.chatlyio, "419983", "Slack"
dev.flutter.testingApp, "1", "testing_app"
com.google.ios.youtubeunplugged, "5.50.0", "YouTube TV"
com.facebook.WebDriverAgentRunner.xctrunner, "1", "WebDriverAgentRunner-Runner"
com.apple.TestFlight, "8", "TestFlight"
com.google.ios.youtube, "16.46.5", "YouTube"
com.truesoftware.TrueCallerOther, "11.18.12", "Truecaller"
com.facebook.wda.integrationApp, "1", "IntegrationApp"
com.experitest.Cyder, "3952", "Cyder"
com.example.flagship, "1", "flagship"
CFBundleIdentifier, CFBundleVersion, CFBundleDisplayName
com.narasimha.helloWorld, "1", "hello_world"
com.tinyspeck.chatlyio, "419983", "Slack"
dev.flutter.testingApp, "1", "testing_app"
com.google.ios.youtubeunplugged, "5.50.0", "YouTube TV"
com.apple.TestFlight, "8", "TestFlight"
com.facebook.WebDriverAgentRunner.xctrunner, "1", "WebDriverAgentRunner-Runner"
com.google.ios.youtube, "16.46.5", "YouTube"
com.truesoftware.TrueCallerOther, "11.18.12", "Truecaller"
com.facebook.wda.integrationApp, "1", "IntegrationApp"
com.experitest.Cyder, "3952", "Cyder"
com.example.flagship, "1", "flagship"
CFBundleIdentifier, CFBundleVersion, CFBundleDisplayName
com.narasimha.helloWorld, "1", "hello_world"
com.tinyspeck.chatlyio, "419983", "Slack"
dev.flutter.testingApp, "1", "testing_app"
com.google.ios.youtubeunplugged, "5.50.0", "YouTube TV"
com.apple.TestFlight, "8", "TestFlight"
com.facebook.WebDriverAgentRunner.xctrunner, "1", "WebDriverAgentRunner-Runner"
com.google.ios.youtube, "16.46.5", "YouTube"
com.truesoftware.TrueCallerOther, "11.18.12", "Truecaller"
com.facebook.wda.integrationApp, "1", "IntegrationApp"
com.experitest.Cyder, "3952", "Cyder"
com.example.flagship, "1", "flagship"
CFBundleIdentifier, CFBundleVersion, CFBundleDisplayName
com.narasimha.helloWorld, "1", "hello_world"
com.tinyspeck.chatlyio, "419983", "Slack"
dev.flutter.testingApp, "1", "testing_app"
com.google.ios.youtubeunplugged, "5.50.0", "YouTube TV"
com.apple.TestFlight, "8", "TestFlight"
com.facebook.WebDriverAgentRunner.xctrunner, "1", "WebDriverAgentRunner-Runner"
com.google.ios.youtube, "16.46.5", "YouTube"
com.truesoftware.TrueCallerOther, "11.18.12", "Truecaller"
com.facebook.wda.integrationApp, "1", "IntegrationApp"
com.experitest.Cyder, "3952", "Cyder"
com.example.flagship, "1", "flagship"
CFBundleIdentifier, CFBundleVersion, CFBundleDisplayName
com.narasimha.helloWorld, "1", "hello_world"
com.tinyspeck.chatlyio, "419983", "Slack"
dev.flutter.testingApp, "1", "testing_app"
com.google.ios.youtubeunplugged, "5.50.0", "YouTube TV"
com.apple.TestFlight, "8", "TestFlight"
com.facebook.WebDriverAgentRunner.xctrunner, "1", "WebDriverAgentRunner-Runner"
com.google.ios.youtube, "16.46.5", "YouTube"
com.truesoftware.TrueCallerOther, "11.18.12", "Truecaller"
com.facebook.wda.integrationApp, "1", "IntegrationApp"
com.experitest.Cyder, "3952", "Cyder"
com.example.flagship, "1", "flagship"
CFBundleIdentifier, CFBundleVersion, CFBundleDisplayName
com.narasimha.helloWorld, "1", "hello_world"
com.tinyspeck.chatlyio, "419983", "Slack"
dev.flutter.testingApp, "1", "testing_app"
com.google.ios.youtubeunplugged, "5.50.0", "YouTube TV"
com.facebook.WebDriverAgentRunner.xctrunner, "1", "WebDriverAgentRunner-Runner"
com.apple.TestFlight, "8", "TestFlight"
com.google.ios.youtube, "16.46.5", "YouTube"
com.truesoftware.TrueCallerOther, "11.18.12", "Truecaller"
com.facebook.wda.integrationApp, "1", "IntegrationApp"
com.experitest.Cyder, "3952", "Cyder"
com.example.flagship, "1", "flagship"
CFBundleIdentifier, CFBundleVersion, CFBundleDisplayName
com.narasimha.helloWorld, "1", "hello_world"
com.tinyspeck.chatlyio, "419983", "Slack"
dev.flutter.testingApp, "1", "testing_app"
com.google.ios.youtubeunplugged, "5.50.0", "YouTube TV"
com.apple.TestFlight, "8", "TestFlight"
com.google.ios.youtube, "16.46.5", "YouTube"
com.truesoftware.TrueCallerOther, "11.18.12", "Truecaller"
com.facebook.WebDriverAgentRunner.xctrunner, "1", "WebDriverAgentRunner-Runner"
com.facebook.wda.integrationApp, "1", "IntegrationApp"
com.experitest.Cyder, "3952", "Cyder"
com.example.flagship, "1", "flagship"
CFBundleIdentifier, CFBundleVersion, CFBundleDisplayName
com.narasimha.helloWorld, "1", "hello_world"
com.tinyspeck.chatlyio, "419983", "Slack"
dev.flutter.testingApp, "1", "testing_app"
com.facebook.WebDriverAgentRunner.xctrunner, "1", "WebDriverAgentRunner-Runner"
com.google.ios.youtubeunplugged, "5.50.0", "YouTube TV"
com.apple.TestFlight, "8", "TestFlight"
com.google.ios.youtube, "16.46.5", "YouTube"
com.truesoftware.TrueCallerOther, "11.18.12", "Truecaller"
com.facebook.wda.integrationApp, "1", "IntegrationApp"
com.experitest.Cyder, "3952", "Cyder"
com.example.flagship, "1", "flagship"
CFBundleIdentifier, CFBundleVersion, CFBundleDisplayName
com.narasimha.helloWorld, "1", "hello_world"
com.tinyspeck.chatlyio, "419983", "Slack"
dev.flutter.testingApp, "1", "testing_app"
com.google.ios.youtubeunplugged, "5.50.0", "YouTube TV"
com.apple.TestFlight, "8", "TestFlight"
com.facebook.WebDriverAgentRunner.xctrunner, "1", "WebDriverAgentRunner-Runner"
com.google.ios.youtube, "16.46.5", "YouTube"
com.truesoftware.TrueCallerOther, "11.18.12", "Truecaller"
com.facebook.wda.integrationApp, "1", "IntegrationApp"
com.experitest.Cyder, "3952", "Cyder"
com.example.flagship, "1", "flagship"
CFBundleIdentifier, CFBundleVersion, CFBundleDisplayName
com.narasimha.helloWorld, "1", "hello_world"
com.tinyspeck.chatlyio, "419983", "Slack"
dev.flutter.testingApp, "1", "testing_app"
com.facebook.WebDriverAgentRunner.xctrunner, "1", "WebDriverAgentRunner-Runner"
com.google.ios.youtubeunplugged, "5.50.0", "YouTube TV"
com.apple.TestFlight, "8", "TestFlight"
com.google.ios.youtube, "16.46.5", "YouTube"
com.truesoftware.TrueCallerOther, "11.18.12", "Truecaller"
com.facebook.wda.integrationApp, "1", "IntegrationApp"
com.experitest.Cyder, "3952", "Cyder"
com.example.flagship, "1", "flagship"
CFBundleIdentifier, CFBundleVersion, CFBundleDisplayName
com.narasimha.helloWorld, "1", "hello_world"
com.tinyspeck.chatlyio, "419983", "Slack"
dev.flutter.testingApp, "1", "testing_app"
com.facebook.WebDriverAgentRunner.xctrunner, "1", "WebDriverAgentRunner-Runner"
com.google.ios.youtubeunplugged, "5.50.0", "YouTube TV"
com.apple.TestFlight, "8", "TestFlight"
com.google.ios.youtube, "16.46.5", "YouTube"
com.truesoftware.TrueCallerOther, "11.18.12", "Truecaller"
com.facebook.wda.integrationApp, "1", "IntegrationApp"
com.experitest.Cyder, "3952", "Cyder"
com.example.flagship, "1", "flagship"
CFBundleIdentifier, CFBundleVersion, CFBundleDisplayName
com.narasimha.helloWorld, "1", "hello_world"
com.tinyspeck.chatlyio, "419983", "Slack"
dev.flutter.testingApp, "1", "testing_app"
com.google.ios.youtubeunplugged, "5.50.0", "YouTube TV"
com.apple.TestFlight, "8", "TestFlight"
com.facebook.WebDriverAgentRunner.xctrunner, "1", "WebDriverAgentRunner-Runner"
com.google.ios.youtube, "16.46.5", "YouTube"
com.truesoftware.TrueCallerOther, "11.18.12", "Truecaller"
com.facebook.wda.integrationApp, "1", "IntegrationApp"
com.experitest.Cyder, "3952", "Cyder"
com.example.flagship, "1", "flagship"
CFBundleIdentifier, CFBundleVersion, CFBundleDisplayName
com.narasimha.helloWorld, "1", "hello_world"
com.tinyspeck.chatlyio, "419983", "Slack"
dev.flutter.testingApp, "1", "testing_app"
com.google.ios.youtubeunplugged, "5.50.0", "YouTube TV"
com.weather.TWC, "425024", "The Weather Channel"
com.apple.TestFlight, "8", "TestFlight"
com.google.ios.youtube, "16.46.5", "YouTube"
com.truesoftware.TrueCallerOther, "11.18.12", "Truecaller"
com.facebook.wda.integrationApp, "1", "IntegrationApp"
com.facebook.WebDriverAgentRunner.xctrunner, "1", "WebDriverAgentRunner-Runner"
com.experitest.Cyder, "3952", "Cyder"
com.example.flagship, "1", "flagship"
CFBundleIdentifier, CFBundleVersion, CFBundleDisplayName
com.narasimha.helloWorld, "1", "hello_world"
com.tinyspeck.chatlyio, "419983", "Slack"
dev.flutter.testingApp, "1", "testing_app"
com.google.ios.youtubeunplugged, "5.50.0", "YouTube TV"
com.truesoftware.TrueCallerOther, "11.18.12", "Truecaller"
com.apple.TestFlight, "8", "TestFlight"
com.facebook.WebDriverAgentRunner.xctrunner, "1", "WebDriverAgentRunner-Runner"
com.weather.TWC, "425024", "The Weather Channel"
com.google.ios.youtube, "16.46.5", "YouTube"
com.facebook.wda.integrationApp, "1", "IntegrationApp"
com.experitest.Cyder, "3952", "Cyder"
com.example.flagship, "1", "flagship"
CFBundleIdentifier, CFBundleVersion, CFBundleDisplayName
com.narasimha.helloWorld, "1", "hello_world"
com.tinyspeck.chatlyio, "419983", "Slack"
dev.flutter.testingApp, "1", "testing_app"
com.google.ios.youtubeunplugged, "5.50.0", "YouTube TV"
com.facebook.WebDriverAgentRunner.xctrunner, "1", "WebDriverAgentRunner-Runner"
com.apple.TestFlight, "8", "TestFlight"
com.google.ios.youtube, "16.46.5", "YouTube"
com.truesoftware.TrueCallerOther, "11.18.12", "Truecaller"
com.facebook.wda.integrationApp, "1", "IntegrationApp"
com.experitest.Cyder, "3952", "Cyder"
com.example.flagship, "1", "flagship"
CFBundleIdentifier, CFBundleVersion, CFBundleDisplayName
com.narasimha.helloWorld, "1", "hello_world"
com.tinyspeck.chatlyio, "419983", "Slack"
dev.flutter.testingApp, "1", "testing_app"
com.google.ios.youtubeunplugged, "5.50.0", "YouTube TV"
com.apple.TestFlight, "8", "TestFlight"
com.google.ios.youtube, "16.46.5", "YouTube"
com.truesoftware.TrueCallerOther, "11.18.12", "Truecaller"
com.facebook.WebDriverAgentRunner.xctrunner, "1", "WebDriverAgentRunner-Runner"
com.facebook.wda.integrationApp, "1", "IntegrationApp"
com.experitest.Cyder, "3952", "Cyder"
com.example.flagship, "1", "flagship"
CFBundleIdentifier, CFBundleVersion, CFBundleDisplayName
com.narasimha.helloWorld, "1", "hello_world"
com.tinyspeck.chatlyio, "419983", "Slack"
dev.flutter.testingApp, "1", "testing_app"
com.facebook.WebDriverAgentRunner.xctrunner, "1", "WebDriverAgentRunner-Runner"
com.google.ios.youtubeunplugged, "5.50.0", "YouTube TV"
com.apple.TestFlight, "8", "TestFlight"
com.google.ios.youtube, "16.46.5", "YouTube"
com.truesoftware.TrueCallerOther, "11.18.12", "Truecaller"
com.facebook.wda.integrationApp, "1", "IntegrationApp"
com.experitest.Cyder, "3952", "Cyder"
com.example.flagship, "1", "flagship"
CFBundleIdentifier, CFBundleVersion, CFBundleDisplayName
com.narasimha.helloWorld, "1", "hello_world"
com.tinyspeck.chatlyio, "419983", "Slack"
dev.flutter.testingApp, "1", "testing_app"
com.google.ios.youtubeunplugged, "5.50.0", "YouTube TV"
com.apple.TestFlight, "8", "TestFlight"
com.google.ios.youtube, "16.46.5", "YouTube"
com.truesoftware.TrueCallerOther, "11.18.12", "Truecaller"
com.facebook.wda.integrationApp, "1", "IntegrationApp"
com.experitest.Cyder, "3952", "Cyder"
com.facebook.WebDriverAgentRunner.xctrunner, "1", "WebDriverAgentRunner-Runner"
com.example.flagship, "1", "flagship"
CFBundleIdentifier, CFBundleVersion, CFBundleDisplayName
com.narasimha.helloWorld, "1", "hello_world"
com.facebook.WebDriverAgentRunner.xctrunner, "1", "WebDriverAgentRunner-Runner"
com.tinyspeck.chatlyio, "419983", "Slack"
dev.flutter.testingApp, "1", "testing_app"
com.google.ios.youtubeunplugged, "5.50.0", "YouTube TV"
com.apple.TestFlight, "8", "TestFlight"
com.google.ios.youtube, "16.46.5", "YouTube"
com.truesoftware.TrueCallerOther, "11.18.12", "Truecaller"
com.facebook.wda.integrationApp, "1", "IntegrationApp"
com.experitest.Cyder, "3952", "Cyder"
com.example.flagship, "1", "flagship"
CFBundleIdentifier, CFBundleVersion, CFBundleDisplayName
com.narasimha.helloWorld, "1", "hello_world"
com.tinyspeck.chatlyio, "419983", "Slack"
dev.flutter.testingApp, "1", "testing_app"
com.google.ios.youtubeunplugged, "5.50.0", "YouTube TV"
com.apple.TestFlight, "8", "TestFlight"
com.google.ios.youtube, "16.46.5", "YouTube"
com.truesoftware.TrueCallerOther, "11.18.12", "Truecaller"
com.facebook.wda.integrationApp, "1", "IntegrationApp"
com.weather.TWC, "425026", "The Weather Channel"
com.facebook.WebDriverAgentRunner.xctrunner, "1", "WebDriverAgentRunner-Runner"
com.experitest.Cyder, "3952", "Cyder"
com.example.flagship, "1", "flagship"
CFBundleIdentifier, CFBundleVersion, CFBundleDisplayName
com.narasimha.helloWorld, "1", "hello_world"
com.tinyspeck.chatlyio, "419983", "Slack"
dev.flutter.testingApp, "1", "testing_app"
com.google.ios.youtubeunplugged, "5.50.0", "YouTube TV"
com.apple.TestFlight, "8", "TestFlight"
com.facebook.WebDriverAgentRunner.xctrunner, "1", "WebDriverAgentRunner-Runner"
com.google.ios.youtube, "16.46.5", "YouTube"
com.truesoftware.TrueCallerOther, "11.18.12", "Truecaller"
com.facebook.wda.integrationApp, "1", "IntegrationApp"
com.experitest.Cyder, "3952", "Cyder"
com.example.flagship, "1", "flagship"
CFBundleIdentifier, CFBundleVersion, CFBundleDisplayName
com.narasimha.helloWorld, "1", "hello_world"
com.tinyspeck.chatlyio, "419983", "Slack"
dev.flutter.testingApp, "1", "testing_app"
com.google.ios.youtubeunplugged, "5.50.0", "YouTube TV"
com.facebook.WebDriverAgentRunner.xctrunner, "1", "WebDriverAgentRunner-Runner"
com.apple.TestFlight, "8", "TestFlight"
com.google.ios.youtube, "16.46.5", "YouTube"
com.truesoftware.TrueCallerOther, "11.18.12", "Truecaller"
com.facebook.wda.integrationApp, "1", "IntegrationApp"
com.experitest.Cyder, "3952", "Cyder"
com.weather.TWC, "425024", "The Weather Channel"
com.example.flagship, "1", "flagship"
CFBundleIdentifier, CFBundleVersion, CFBundleDisplayName
com.narasimha.helloWorld, "1", "hello_world"
com.tinyspeck.chatlyio, "419983", "Slack"
dev.flutter.testingApp, "1", "testing_app"
com.facebook.WebDriverAgentRunner.xctrunner, "1", "WebDriverAgentRunner-Runner"
com.google.ios.youtubeunplugged, "5.50.0", "YouTube TV"
com.apple.TestFlight, "8", "TestFlight"
com.google.ios.youtube, "16.46.5", "YouTube"
com.truesoftware.TrueCallerOther, "11.18.12", "Truecaller"
com.facebook.wda.integrationApp, "1", "IntegrationApp"
com.experitest.Cyder, "3952", "Cyder"
com.weather.TWC, "425024", "The Weather Channel"
com.example.flagship, "1", "flagship"
CFBundleIdentifier, CFBundleVersion, CFBundleDisplayName
com.narasimha.helloWorld, "1", "hello_world"
com.tinyspeck.chatlyio, "419983", "Slack"
dev.flutter.testingApp, "1", "testing_app"
com.google.ios.youtubeunplugged, "5.50.0", "YouTube TV"
com.apple.TestFlight, "8", "TestFlight"
com.google.ios.youtube, "16.46.5", "YouTube"
com.truesoftware.TrueCallerOther, "11.18.12", "Truecaller"
com.facebook.wda.integrationApp, "1", "IntegrationApp"
com.experitest.Cyder, "3952", "Cyder"
com.facebook.WebDriverAgentRunner.xctrunner, "1", "WebDriverAgentRunner-Runner"
com.weather.TWC, "425024", "The Weather Channel"
com.example.flagship, "1", "flagship"
CFBundleIdentifier, CFBundleVersion, CFBundleDisplayName
com.narasimha.helloWorld, "1", "hello_world"
com.tinyspeck.chatlyio, "419983", "Slack"
dev.flutter.testingApp, "1", "testing_app"
com.google.ios.youtubeunplugged, "5.50.0", "YouTube TV"
com.apple.TestFlight, "8", "TestFlight"
com.facebook.WebDriverAgentRunner.xctrunner, "1", "WebDriverAgentRunner-Runner"
com.google.ios.youtube, "16.46.5", "YouTube"
com.truesoftware.TrueCallerOther, "11.18.12", "Truecaller"
com.facebook.wda.integrationApp, "1", "IntegrationApp"
com.experitest.Cyder, "3952", "Cyder"
com.example.flagship, "1", "flagship"
CFBundleIdentifier, CFBundleVersion, CFBundleDisplayName
com.narasimha.helloWorld, "1", "hello_world"
com.tinyspeck.chatlyio, "419983", "Slack"
dev.flutter.testingApp, "1", "testing_app"
com.google.ios.youtubeunplugged, "5.50.0", "YouTube TV"
com.facebook.WebDriverAgentRunner.xctrunner, "1", "WebDriverAgentRunner-Runner"
com.apple.TestFlight, "8", "TestFlight"
com.google.ios.youtube, "16.46.5", "YouTube"
com.truesoftware.TrueCallerOther, "11.18.12", "Truecaller"
com.facebook.wda.integrationApp, "1", "IntegrationApp"
com.experitest.Cyder, "3952", "Cyder"
com.example.flagship, "1", "flagship"
CFBundleIdentifier, CFBundleVersion, CFBundleDisplayName
com.narasimha.helloWorld, "1", "hello_world"
com.tinyspeck.chatlyio, "419983", "Slack"
dev.flutter.testingApp, "1", "testing_app"
com.google.ios.youtubeunplugged, "5.50.0", "YouTube TV"
com.apple.TestFlight, "8", "TestFlight"
com.google.ios.youtube, "16.46.5", "YouTube"
com.weather.TWC, "425024", "The Weather Channel"
com.truesoftware.TrueCallerOther, "11.18.12", "Truecaller"
com.facebook.wda.integrationApp, "1", "IntegrationApp"
com.experitest.Cyder, "3952", "Cyder"
com.example.flagship, "1", "flagship"
CFBundleIdentifier, CFBundleVersion, CFBundleDisplayName
com.narasimha.helloWorld, "1", "hello_world"
com.tinyspeck.chatlyio, "419983", "Slack"
dev.flutter.testingApp, "1", "testing_app"
com.google.ios.youtubeunplugged, "5.50.0", "YouTube TV"
com.apple.TestFlight, "8", "TestFlight"
com.google.ios.youtube, "16.46.5", "YouTube"
com.truesoftware.TrueCallerOther, "11.18.12", "Truecaller"
com.facebook.wda.integrationApp, "1", "IntegrationApp"
com.experitest.Cyder, "3952", "Cyder"
com.weather.TWC, "425026", "The Weather Channel"
com.example.flagship, "1", "flagship"
CFBundleIdentifier, CFBundleVersion, CFBundleDisplayName
com.narasimha.helloWorld, "1", "hello_world"
com.tinyspeck.chatlyio, "419983", "Slack"
dev.flutter.testingApp, "1", "testing_app"
com.google.ios.youtubeunplugged, "5.50.0", "YouTube TV"
com.apple.TestFlight, "8", "TestFlight"
com.weather.TWC, "425026", "The Weather Channel"
com.google.ios.youtube, "16.46.5", "YouTube"
com.truesoftware.TrueCallerOther, "11.18.12", "Truecaller"
com.facebook.wda.integrationApp, "1", "IntegrationApp"
com.experitest.Cyder, "3952", "Cyder"
com.facebook.WebDriverAgentRunner.xctrunner, "1", "WebDriverAgentRunner-Runner"
com.example.flagship, "1", "flagship"
CFBundleIdentifier, CFBundleVersion, CFBundleDisplayName
com.narasimha.helloWorld, "1", "hello_world"
com.tinyspeck.chatlyio, "419983", "Slack"
dev.flutter.testingApp, "1", "testing_app"
com.weather.TWC, "425021", "The Weather Channel"
com.facebook.WebDriverAgentRunner.xctrunner, "1", "WebDriverAgentRunner-Runner"
com.google.ios.youtubeunplugged, "5.50.0", "YouTube TV"
com.apple.TestFlight, "8", "TestFlight"
com.google.ios.youtube, "16.46.5", "YouTube"
com.truesoftware.TrueCallerOther, "11.18.12", "Truecaller"
com.facebook.wda.integrationApp, "1", "IntegrationApp"
com.experitest.Cyder, "3952", "Cyder"
com.example.flagship, "1", "flagship"
CFBundleIdentifier, CFBundleVersion, CFBundleDisplayName
com.narasimha.helloWorld, "1", "hello_world"
com.tinyspeck.chatlyio, "419983", "Slack"
dev.flutter.testingApp, "1", "testing_app"
com.google.ios.youtubeunplugged, "5.50.0", "YouTube TV"
com.apple.TestFlight, "8", "TestFlight"
com.facebook.WebDriverAgentRunner.xctrunner, "1", "WebDriverAgentRunner-Runner"
com.weather.TWC, "3001390", "The Weather Nightly"
com.google.ios.youtube, "16.46.5", "YouTube"
com.truesoftware.TrueCallerOther, "11.18.12", "Truecaller"
com.facebook.wda.integrationApp, "1", "IntegrationApp"
com.experitest.Cyder, "3952", "Cyder"
com.example.flagship, "1", "flagship"
CFBundleIdentifier, CFBundleVersion, CFBundleDisplayName
com.narasimha.helloWorld, "1", "hello_world"
com.tinyspeck.chatlyio, "419983", "Slack"
dev.flutter.testingApp, "1", "testing_app"
com.google.ios.youtubeunplugged, "5.50.0", "YouTube TV"
com.apple.TestFlight, "8", "TestFlight"
com.facebook.WebDriverAgentRunner.xctrunner, "1", "WebDriverAgentRunner-Runner"
com.google.ios.youtube, "16.46.5", "YouTube"
com.truesoftware.TrueCallerOther, "11.18.12", "Truecaller"
com.facebook.wda.integrationApp, "1", "IntegrationApp"
com.experitest.Cyder, "3952", "Cyder"
com.weather.TWC, "425026", "The Weather Channel"
com.example.flagship, "1", "flagship"
CFBundleIdentifier, CFBundleVersion, CFBundleDisplayName
com.narasimha.helloWorld, "1", "hello_world"
com.tinyspeck.chatlyio, "419983", "Slack"
dev.flutter.testingApp, "1", "testing_app"
com.google.ios.youtubeunplugged, "5.50.0", "YouTube TV"
com.apple.TestFlight, "8", "TestFlight"
com.google.ios.youtube, "16.46.5", "YouTube"
com.truesoftware.TrueCallerOther, "11.18.12", "Truecaller"
com.facebook.wda.integrationApp, "1", "IntegrationApp"
com.experitest.Cyder, "3952", "Cyder"
com.example.flagship, "1", "flagship"
CFBundleIdentifier, CFBundleVersion, CFBundleDisplayName
com.narasimha.helloWorld, "1", "hello_world"
com.tinyspeck.chatlyio, "419983", "Slack"
com.facebook.WebDriverAgentRunner.xctrunner, "1", "WebDriverAgentRunner-Runner"
dev.flutter.testingApp, "1", "testing_app"
com.google.ios.youtubeunplugged, "5.50.0", "YouTube TV"
com.apple.TestFlight, "8", "TestFlight"
com.google.ios.youtube, "16.46.5", "YouTube"
com.truesoftware.TrueCallerOther, "11.18.12", "Truecaller"
com.facebook.wda.integrationApp, "1", "IntegrationApp"
com.experitest.Cyder, "3952", "Cyder"
com.weather.TWC, "2004400", "The Weather Integration"
com.example.flagship, "1", "flagship"
CFBundleIdentifier, CFBundleVersion, CFBundleDisplayName
com.wunderground.weatherunderground, "1156", "Wunderground"
nraonuka.com.example.flagship, "1", "flagship"
com.narasimha.helloWorld, "1", "hello_world"
com.midasplayer.apps.candycrushsaga, "2", "Candy Crush Saga"
com.tinyspeck.chatlyio, "424082", "Slack"
com.truesoftware.TrueCallerOther, "11.18.12", "Truecaller"
com.experitest.Cyder, "3952", "Cyder"
com.apple.AppStoreConnect, "1062.2", "Connect"
com.weather.test.adPerformance, "1", "Performance"
com.weather.adsTest, "1", "Ads Test"
com.weather.admobLatencyTest, "1", "Admob Latency Test"
com.google.ios.youtube, "17.21.3", "YouTube"
com.google.ios.youtubeunplugged, "6.20.0", "YouTube TV"
com.facebook.wda.integrationApp, "1", "IntegrationApp"
dev.flutter.testingApp, "1", "testing_app"
com.facebook.WebDriverAgentRunner.xctrunner, "1", "WebDriverAgentRunner-Runner"
com.apple.TestFlight, "8", "TestFlight"
CFBundleIdentifier, CFBundleVersion, CFBundleDisplayName
com.wunderground.weatherunderground, "1156", "Wunderground"
nraonuka.com.example.flagship, "1", "flagship"
com.narasimha.helloWorld, "1", "hello_world"
com.midasplayer.apps.candycrushsaga, "2", "Candy Crush Saga"
com.tinyspeck.chatlyio, "424082", "Slack"
com.truesoftware.TrueCallerOther, "11.18.12", "Truecaller"
com.experitest.Cyder, "3952", "Cyder"
com.apple.AppStoreConnect, "1062.2", "Connect"
com.weather.test.adPerformance, "1", "Performance"
com.weather.adsTest, "1", "Ads Test"
com.weather.admobLatencyTest, "1", "Admob Latency Test"
dev.flutter.testingApp, "1", "testing_app"
com.google.ios.youtubeunplugged, "6.20.0", "YouTube TV"
com.google.ios.youtube, "17.21.3", "YouTube"
com.facebook.WebDriverAgentRunner.xctrunner, "1", "WebDriverAgentRunner-Runner"
com.facebook.wda.integrationApp, "1", "IntegrationApp"
com.apple.TestFlight, "8", "TestFlight"
CFBundleIdentifier, CFBundleVersion, CFBundleDisplayName
com.wunderground.weatherunderground, "1156", "Wunderground"
nraonuka.com.example.flagship, "1", "flagship"
com.narasimha.helloWorld, "1", "hello_world"
com.midasplayer.apps.candycrushsaga, "2", "Candy Crush Saga"
com.tinyspeck.chatlyio, "424082", "Slack"
com.truesoftware.TrueCallerOther, "11.18.12", "Truecaller"
com.experitest.Cyder, "3952", "Cyder"
com.weather.test.adPerformance, "1", "Performance"
com.weather.adsTest, "1", "Ads Test"
com.apple.AppStoreConnect, "1062.2", "Connect"
com.google.ios.youtubeunplugged, "6.21.0", "YouTube TV"
com.weather.TWC, "2004710", "The Weather Integration"
com.weather.admobLatencyTest, "1", "Admob Latency Test"
com.google.ios.youtube, "17.21.3", "YouTube"
dev.flutter.testingApp, "1", "testing_app"
com.facebook.wda.integrationApp, "1", "IntegrationApp"
com.facebook.WebDriverAgentRunner.xctrunner, "1", "WebDriverAgentRunner-Runner"
com.apple.TestFlight, "8", "TestFlight"
CFBundleIdentifier, CFBundleVersion, CFBundleDisplayName
com.wunderground.weatherunderground, "1156", "Wunderground"
nraonuka.com.example.flagship, "1", "flagship"
com.narasimha.helloWorld, "1", "hello_world"
com.midasplayer.apps.candycrushsaga, "2", "Candy Crush Saga"
com.tinyspeck.chatlyio, "424082", "Slack"
com.truesoftware.TrueCallerOther, "11.18.12", "Truecaller"
com.experitest.Cyder, "3952", "Cyder"
com.apple.AppStoreConnect, "1062.2", "Connect"
com.weather.test.adPerformance, "1", "Performance"
com.weather.adsTest, "1", "Ads Test"
com.google.ios.youtubeunplugged, "6.21.0", "YouTube TV"
com.weather.admobLatencyTest, "1", "Admob Latency Test"
com.google.ios.youtube, "17.21.3", "YouTube"
dev.flutter.testingApp, "1", "testing_app"
com.facebook.wda.integrationApp, "1", "IntegrationApp"
com.weather.TWC, "425118", "The Weather Channel"
com.apple.TestFlight, "8", "TestFlight"
com.facebook.WebDriverAgentRunner.xctrunner, "1", "WebDriverAgentRunner-Runner"
CFBundleIdentifier, CFBundleVersion, CFBundleDisplayName
com.wunderground.weatherunderground, "1156", "Wunderground"
nraonuka.com.example.flagship, "1", "flagship"
com.narasimha.helloWorld, "1", "hello_world"
com.midasplayer.apps.candycrushsaga, "2", "Candy Crush Saga"
com.tinyspeck.chatlyio, "424082", "Slack"
com.truesoftware.TrueCallerOther, "11.18.12", "Truecaller"
com.experitest.Cyder, "3952", "Cyder"
com.weather.test.adPerformance, "1", "Performance"
com.weather.adsTest, "1", "Ads Test"
com.apple.AppStoreConnect, "1062.2", "Connect"
com.google.ios.youtubeunplugged, "6.21.0", "YouTube TV"
com.weather.admobLatencyTest, "1", "Admob Latency Test"
com.google.ios.youtube, "17.21.3", "YouTube"
dev.flutter.testingApp, "1", "testing_app"
com.weather.TWC, "425112", "The Weather Channel"
com.facebook.wda.integrationApp, "1", "IntegrationApp"
com.facebook.WebDriverAgentRunner.xctrunner, "1", "WebDriverAgentRunner-Runner"
com.apple.TestFlight, "8", "TestFlight"
CFBundleIdentifier, CFBundleVersion, CFBundleDisplayName
com.wunderground.weatherunderground, "1156", "Wunderground"
nraonuka.com.example.flagship, "1", "flagship"
com.narasimha.helloWorld, "1", "hello_world"
com.midasplayer.apps.candycrushsaga, "2", "Candy Crush Saga"
com.tinyspeck.chatlyio, "424082", "Slack"
com.truesoftware.TrueCallerOther, "11.18.12", "Truecaller"
com.experitest.Cyder, "3952", "Cyder"
com.weather.test.adPerformance, "1", "Performance"
com.weather.adsTest, "1", "Ads Test"
com.google.ios.youtubeunplugged, "6.21.0", "YouTube TV"
com.weather.admobLatencyTest, "1", "Admob Latency Test"
com.google.ios.youtube, "17.21.3", "YouTube"
dev.flutter.testingApp, "1", "testing_app"
com.facebook.wda.integrationApp, "1", "IntegrationApp"
com.apple.TestFlight, "8", "TestFlight"
com.facebook.WebDriverAgentRunner.xctrunner, "1", "WebDriverAgentRunner-Runner"
com.apple.AppStoreConnect, "1062.2", "Connect"
com.weather.TWC, "425119", "The Weather Channel"
CFBundleIdentifier, CFBundleVersion, CFBundleDisplayName
com.weather.TWC, "425131", "The Weather Channel"
com.facebook.Facebook, "383940242", "Facebook"
com.weather.TWCRadar, "61", "Storm Radar"
com.tunnelbear.ios.TunnelBear, "1", "TunnelBear"
com.tinyspeck.chatlyio, "425536", "Slack"
com.facebook.WebDriverAgentRunner.xctrunner, "1", "WebDriverAgentRunner-Runner"
com.wunderground.weatherunderground, "1158", "Wunderground"
com.apple.TestFlight, "8", "TestFlight"
com.airbnb.app, "203141", "Airbnb"
CFBundleIdentifier, CFBundleVersion, CFBundleDisplayName
com.facebook.Facebook, "383940242", "Facebook"
com.weather.TWCRadar, "61", "Storm Radar"
com.tunnelbear.ios.TunnelBear, "1", "TunnelBear"
com.facebook.WebDriverAgentRunner.xctrunner, "1", "WebDriverAgentRunner-Runner"
com.tinyspeck.chatlyio, "425536", "Slack"
com.wunderground.weatherunderground, "1158", "Wunderground"
com.apple.TestFlight, "8", "TestFlight"
com.airbnb.app, "203141", "Airbnb"
CFBundleIdentifier, CFBundleVersion, CFBundleDisplayName
com.facebook.Facebook, "383940242", "Facebook"
com.weather.TWCRadar, "61", "Storm Radar"
com.tunnelbear.ios.TunnelBear, "1", "TunnelBear"
com.facebook.WebDriverAgentRunner.xctrunner, "1", "WebDriverAgentRunner-Runner"
com.tinyspeck.chatlyio, "425536", "Slack"
com.wunderground.weatherunderground, "1158", "Wunderground"
com.apple.TestFlight, "8", "TestFlight"
com.airbnb.app, "203141", "Airbnb"
CFBundleIdentifier, CFBundleVersion, CFBundleDisplayName
com.facebook.Facebook, "383940242", "Facebook"
com.weather.TWCRadar, "61", "Storm Radar"
com.tunnelbear.ios.TunnelBear, "1", "TunnelBear"
com.tinyspeck.chatlyio, "425536", "Slack"
com.wunderground.weatherunderground, "1158", "Wunderground"
com.apple.TestFlight, "8", "TestFlight"
com.airbnb.app, "203141", "Airbnb"
CFBundleIdentifier, CFBundleVersion, CFBundleDisplayName
com.facebook.Facebook, "383940242", "Facebook"
com.weather.TWCRadar, "61", "Storm Radar"
com.tunnelbear.ios.TunnelBear, "1", "TunnelBear"
com.tinyspeck.chatlyio, "425536", "Slack"
com.facebook.WebDriverAgentRunner.xctrunner, "1", "WebDriverAgentRunner-Runner"
com.wunderground.weatherunderground, "1158", "Wunderground"
com.apple.TestFlight, "8", "TestFlight"
com.airbnb.app, "203141", "Airbnb"
CFBundleIdentifier, CFBundleVersion, CFBundleDisplayName
com.facebook.Facebook, "383940242", "Facebook"
com.weather.TWCRadar, "61", "Storm Radar"
com.tunnelbear.ios.TunnelBear, "1", "TunnelBear"
com.facebook.WebDriverAgentRunner.xctrunner, "1", "WebDriverAgentRunner-Runner"
com.tinyspeck.chatlyio, "425536", "Slack"
com.wunderground.weatherunderground, "1158", "Wunderground"
com.apple.TestFlight, "8", "TestFlight"
com.airbnb.app, "203141", "Airbnb"
CFBundleIdentifier, CFBundleVersion, CFBundleDisplayName
com.facebook.Facebook, "383940242", "Facebook"
com.weather.TWCRadar, "61", "Storm Radar"
com.tunnelbear.ios.TunnelBear, "1", "TunnelBear"
com.tinyspeck.chatlyio, "425536", "Slack"
com.facebook.WebDriverAgentRunner.xctrunner, "1", "WebDriverAgentRunner-Runner"
com.wunderground.weatherunderground, "1158", "Wunderground"
com.apple.TestFlight, "8", "TestFlight"
com.airbnb.app, "203141", "Airbnb"
CFBundleIdentifier, CFBundleVersion, CFBundleDisplayName
com.facebook.Facebook, "383940242", "Facebook"
com.weather.TWCRadar, "61", "Storm Radar"
com.tunnelbear.ios.TunnelBear, "1", "TunnelBear"
com.facebook.WebDriverAgentRunner.xctrunner, "1", "WebDriverAgentRunner-Runner"
com.weather.TWC, "425131", "The Weather Channel"
com.tinyspeck.chatlyio, "425536", "Slack"
com.wunderground.weatherunderground, "1158", "Wunderground"
com.apple.TestFlight, "8", "TestFlight"
com.airbnb.app, "203141", "Airbnb"
CFBundleIdentifier, CFBundleVersion, CFBundleDisplayName
com.weather.TWC, "425129", "The Weather Channel"
com.facebook.Facebook, "383940242", "Facebook"
com.weather.TWCRadar, "61", "Storm Radar"
com.tunnelbear.ios.TunnelBear, "1", "TunnelBear"
com.tinyspeck.chatlyio, "425536", "Slack"
com.wunderground.weatherunderground, "1158", "Wunderground"
com.facebook.WebDriverAgentRunner.xctrunner, "1", "WebDriverAgentRunner-Runner"
com.apple.TestFlight, "8", "TestFlight"
com.airbnb.app, "203141", "Airbnb"
CFBundleIdentifier, CFBundleVersion, CFBundleDisplayName
com.facebook.Facebook, "383940242", "Facebook"
com.weather.TWCRadar, "61", "Storm Radar"
com.tunnelbear.ios.TunnelBear, "1", "TunnelBear"
com.weather.TWC, "425129", "The Weather Channel"
com.tinyspeck.chatlyio, "425536", "Slack"
com.facebook.WebDriverAgentRunner.xctrunner, "1", "WebDriverAgentRunner-Runner"
com.wunderground.weatherunderground, "1158", "Wunderground"
com.apple.TestFlight, "8", "TestFlight"
com.airbnb.app, "203141", "Airbnb"
CFBundleIdentifier, CFBundleVersion, CFBundleDisplayName
com.weather.TWC, "425131", "The Weather Channel"
com.facebook.Facebook, "383940242", "Facebook"
com.facebook.WebDriverAgentRunner.xctrunner, "1", "WebDriverAgentRunner-Runner"
com.weather.TWCRadar, "61", "Storm Radar"
com.tunnelbear.ios.TunnelBear, "1", "TunnelBear"
com.tinyspeck.chatlyio, "425536", "Slack"
com.wunderground.weatherunderground, "1158", "Wunderground"
com.apple.TestFlight, "8", "TestFlight"
com.airbnb.app, "203141", "Airbnb"
CFBundleIdentifier, CFBundleVersion, CFBundleDisplayName
com.facebook.Facebook, "394724007", "Facebook"
com.weather.TWC, "425152", "The Weather Channel"
com.tunnelbear.ios.TunnelBear, "1", "TunnelBear"
com.apple.TestFlight, "8", "TestFlight"
com.wunderground.weatherunderground, "1158", "Wunderground"
com.weather.TWCRadar, "62", "Storm Radar"
com.airbnb.app, "203189", "Airbnb"
com.tinyspeck.chatlyio, "426990", "Slack"
com.facebook.WebDriverAgentRunner.xctrunner, "1", "WebDriverAgentRunner-Runner"
CFBundleIdentifier, CFBundleVersion, CFBundleDisplayName
com.facebook.Facebook, "394724007", "Facebook"
com.facebook.WebDriverAgentRunner.xctrunner, "1", "WebDriverAgentRunner-Runner"
com.tunnelbear.ios.TunnelBear, "1", "TunnelBear"
com.apple.TestFlight, "8", "TestFlight"
com.wunderground.weatherunderground, "1158", "Wunderground"
com.weather.TWCRadar, "62", "Storm Radar"
com.airbnb.app, "203189", "Airbnb"
com.tinyspeck.chatlyio, "426990", "Slack"
CFBundleIdentifier, CFBundleVersion, CFBundleDisplayName
com.facebook.Facebook, "394724007", "Facebook"
com.tunnelbear.ios.TunnelBear, "1", "TunnelBear"
com.weather.TWC, "425153", "The Weather Channel"
com.apple.TestFlight, "8", "TestFlight"
com.wunderground.weatherunderground, "1158", "Wunderground"
com.weather.TWCRadar, "62", "Storm Radar"
com.airbnb.app, "203189", "Airbnb"
com.facebook.WebDriverAgentRunner.xctrunner, "1", "WebDriverAgentRunner-Runner"
com.tinyspeck.chatlyio, "426990", "Slack"
